[16-10-28 09:33:37] main.c [print_log:40] ERROR ：我是测试字符串 张鹏,第 0次打印，我是线程thread-A
[16-10-28 09:33:37] main.c [print_log:40] ERROR ：我是测试字符串 张鹏,第 0次打印，我是线程thread-E
[16-10-28 09:33:37] main.c [print_log:40] ERROR ：我是测试字符串 张鹏,第 0次打印，我是线程thread-J
[16-10-28 09:33:37] main.c [print_log:40] ERROR ：我是测试字符串 张鹏,第 0次打印，我是线程thread-D
[16-10-28 09:33:37] main.c [print_log:40] ERROR ：我是测试字符串 张鹏,第 0次打印，我是线程thread-M
[16-10-28 09:33:37] main.c [print_log:40] ERROR ：我是测试字符串 张鹏,第 0次打印，我是线程thread-F
[16-10-28 09:33:37] main.c [print_log:41] DEBUG ：我是测试字符串 灿灿,第 0次打印，我是线程thread-F
[16-10-28 09:33:37] main.c [print_log:42] INFO  ：我是测试字符串 何敏,第 0次打印，我是线程thread-F
[16-10-28 09:33:37] main.c [print_log:40] ERROR ：我是测试字符串 张鹏,第 0次打印，我是线程thread-P
[16-10-28 09:33:37] main.c [print_log:40] ERROR ：我是测试字符串 张鹏,第 0次打印，我是线程thread-I
[16-10-28 09:33:37] main.c [print_log:41] DEBUG ：我是测试字符串 灿灿,第 0次打印，我是线程thread-I
[16-10-28 09:33:37] main.c [print_log:42] INFO  ：我是测试字符串 何敏,第 0次打印，我是线程thread-I
[16-10-28 09:33:37] main.c [print_log:43] FATAL ：我是测试字符串 小华,第 0次打印，我是线程thread-I
[16-10-28 09:33:37] main.c [print_log:44] WARN  ：我是测试字符串 小玲,第 0次打印，我是线程thread-I
[16-10-28 09:33:37] main.c [print_log:40] ERROR ：我是测试字符串 张鹏,第 1次打印，我是线程thread-I
[16-10-28 09:33:37] main.c [print_log:41] DEBUG ：我是测试字符串 灿灿,第 1次打印，我是线程thread-I
[16-10-28 09:33:37] main.c [print_log:42] INFO  ：我是测试字符串 何敏,第 1次打印，我是线程thread-I
[16-10-28 09:33:37] main.c [print_log:43] FATAL ：我是测试字符串 小华,第 1次打印，我是线程thread-I
[16-10-28 09:33:37] main.c [print_log:44] WARN  ：我是测试字符串 小玲,第 1次打印，我是线程thread-I
[16-10-28 09:33:37] main.c [print_log:40] ERROR ：我是测试字符串 张鹏,第 2次打印，我是线程thread-I
[16-10-28 09:33:37] main.c [print_log:41] DEBUG ：我是测试字符串 灿灿,第 2次打印，我是线程thread-I
[16-10-28 09:33:37] main.c [print_log:42] INFO  ：我是测试字符串 何敏,第 2次打印，我是线程thread-I
[16-10-28 09:33:37] main.c [print_log:43] FATAL ：我是测试字符串 小华,第 2次打印，我是线程thread-I
[16-10-28 09:33:37] main.c [print_log:44] WARN  ：我是测试字符串 小玲,第 2次打印，我是线程thread-I
[16-10-28 09:33:37] main.c [print_log:40] ERROR ：我是测试字符串 张鹏,第 3次打印，我是线程thread-I
[16-10-28 09:33:37] main.c [print_log:41] DEBUG ：我是测试字符串 灿灿,第 3次打印，我是线程thread-I
[16-10-28 09:33:37] main.c [print_log:42] INFO  ：我是测试字符串 何敏,第 3次打印，我是线程thread-I
[16-10-28 09:33:37] main.c [print_log:43] FATAL ：我是测试字符串 小华,第 3次打印，我是线程thread-I
[16-10-28 09:33:37] main.c [print_log:44] WARN  ：我是测试字符串 小玲,第 3次打印，我是线程thread-I
[16-10-28 09:33:37] main.c [print_log:40] ERROR ：我是测试字符串 张鹏,第 4次打印，我是线程thread-I
[16-10-28 09:33:37] main.c [print_log:41] DEBUG ：我是测试字符串 灿灿,第 4次打印，我是线程thread-I
[16-10-28 09:33:37] main.c [print_log:42] INFO  ：我是测试字符串 何敏,第 4次打印，我是线程thread-I
[16-10-28 09:33:37] main.c [print_log:43] FATAL ：我是测试字符串 小华,第 4次打印，我是线程thread-I
[16-10-28 09:33:37] main.c [print_log:44] WARN  ：我是测试字符串 小玲,第 4次打印，我是线程thread-I
[16-10-28 09:33:37] main.c [print_log:40] ERROR ：我是测试字符串 张鹏,第 5次打印，我是线程thread-I
[16-10-28 09:33:37] main.c [print_log:40] ERROR ：我是测试字符串 张鹏,第 0次打印，我是线程thread-B
[16-10-28 09:33:37] main.c [print_log:40] ERROR ：我是测试字符串 张鹏,第 0次打印，我是线程thread-N
[16-10-28 09:33:37] main.c [print_log:41] DEBUG ：我是测试字符串 灿灿,第 0次打印，我是线程thread-M
[16-10-28 09:33:37] main.c [print_log:40] ERROR ：我是测试字符串 张鹏,第 0次打印，我是线程thread-O
[16-10-28 09:33:37] main.c [print_log:41] DEBUG ：我是测试字符串 灿灿,第 0次打印，我是线程thread-O
[16-10-28 09:33:37] main.c [print_log:42] INFO  ：我是测试字符串 何敏,第 0次打印，我是线程thread-O
[16-10-28 09:33:37] main.c [print_log:43] FATAL ：我是测试字符串 小华,第 0次打印，我是线程thread-O
[16-10-28 09:33:37] main.c [print_log:44] WARN  ：我是测试字符串 小玲,第 0次打印，我是线程thread-O
[16-10-28 09:33:37] main.c [print_log:40] ERROR ：我是测试字符串 张鹏,第 1次打印，我是线程thread-O
[16-10-28 09:33:37] main.c [print_log:41] DEBUG ：我是测试字符串 灿灿,第 1次打印，我是线程thread-O
[16-10-28 09:33:37] main.c [print_log:42] INFO  ：我是测试字符串 何敏,第 1次打印，我是线程thread-O
[16-10-28 09:33:37] main.c [print_log:43] FATAL ：我是测试字符串 小华,第 1次打印，我是线程thread-O
[16-10-28 09:33:37] main.c [print_log:44] WARN  ：我是测试字符串 小玲,第 1次打印，我是线程thread-O
[16-10-28 09:33:37] main.c [print_log:40] ERROR ：我是测试字符串 张鹏,第 2次打印，我是线程thread-O
[16-10-28 09:33:37] main.c [print_log:41] DEBUG ：我是测试字符串 灿灿,第 2次打印，我是线程thread-O
[16-10-28 09:33:37] main.c [print_log:42] INFO  ：我是测试字符串 何敏,第 2次打印，我是线程thread-O
[16-10-28 09:33:37] main.c [print_log:43] FATAL ：我是测试字符串 小华,第 2次打印，我是线程thread-O
[16-10-28 09:33:37] main.c [print_log:44] WARN  ：我是测试字符串 小玲,第 2次打印，我是线程thread-O
[16-10-28 09:33:37] main.c [print_log:40] ERROR ：我是测试字符串 张鹏,第 3次打印，我是线程thread-O
[16-10-28 09:33:37] main.c [print_log:41] DEBUG ：我是测试字符串 灿灿,第 3次打印，我是线程thread-O
[16-10-28 09:33:37] main.c [print_log:42] INFO  ：我是测试字符串 何敏,第 3次打印，我是线程thread-O
[16-10-28 09:33:37] main.c [print_log:43] FATAL ：我是测试字符串 小华,第 3次打印，我是线程thread-O
[16-10-28 09:33:37] main.c [print_log:44] WARN  ：我是测试字符串 小玲,第 3次打印，我是线程thread-O
[16-10-28 09:33:37] main.c [print_log:40] ERROR ：我是测试字符串 张鹏,第 4次打印，我是线程thread-O
[16-10-28 09:33:37] main.c [print_log:41] DEBUG ：我是测试字符串 灿灿,第 4次打印，我是线程thread-O
[16-10-28 09:33:37] main.c [print_log:42] INFO  ：我是测试字符串 何敏,第 4次打印，我是线程thread-O
[16-10-28 09:33:37] main.c [print_log:43] FATAL ：我是测试字符串 小华,第 4次打印，我是线程thread-O
[16-10-28 09:33:37] main.c [print_log:44] WARN  ：我是测试字符串 小玲,第 4次打印，我是线程thread-O
[16-10-28 09:33:37] main.c [print_log:40] ERROR ：我是测试字符串 张鹏,第 5次打印，我是线程thread-O
[16-10-28 09:33:37] main.c [print_log:41] DEBUG ：我是测试字符串 灿灿,第 5次打印，我是线程thread-O
[16-10-28 09:33:37] main.c [print_log:42] INFO  ：我是测试字符串 何敏,第 5次打印，我是线程thread-O
[16-10-28 09:33:37] main.c [print_log:43] FATAL ：我是测试字符串 小华,第 5次打印，我是线程thread-O
[16-10-28 09:33:37] main.c [print_log:44] WARN  ：我是测试字符串 小玲,第 5次打印，我是线程thread-O
[16-10-28 09:33:37] main.c [print_log:40] ERROR ：我是测试字符串 张鹏,第 6次打印，我是线程thread-O
[16-10-28 09:33:37] main.c [print_log:40] ERROR ：我是测试字符串 张鹏,第 0次打印，我是线程thread-T
[16-10-28 09:33:37] main.c [print_log:41] DEBUG ：我是测试字符串 灿灿,第 0次打印，我是线程thread-J
[16-10-28 09:33:37] main.c [print_log:40] ERROR ：我是测试字符串 张鹏,第 0次打印，我是线程thread-L
[16-10-28 09:33:37] main.c [print_log:41] DEBUG ：我是测试字符串 灿灿,第 0次打印，我是线程thread-L
[16-10-28 09:33:37] main.c [print_log:42] INFO  ：我是测试字符串 何敏,第 0次打印，我是线程thread-L
[16-10-28 09:33:37] main.c [print_log:41] DEBUG ：我是测试字符串 灿灿,第 0次打印，我是线程thread-B
[16-10-28 09:33:37] main.c [print_log:41] DEBUG ：我是测试字符串 灿灿,第 0次打印，我是线程thread-N
[16-10-28 09:33:37] main.c [print_log:42] INFO  ：我是测试字符串 何敏,第 0次打印，我是线程thread-N
[16-10-28 09:33:37] main.c [print_log:40] ERROR ：我是测试字符串 张鹏,第 0次打印，我是线程thread-G
[16-10-28 09:33:37] main.c [print_log:41] DEBUG ：我是测试字符串 灿灿,第 0次打印，我是线程thread-A
[16-10-28 09:33:37] main.c [print_log:42] INFO  ：我是测试字符串 何敏,第 0次打印，我是线程thread-A
[16-10-28 09:33:37] main.c [print_log:43] FATAL ：我是测试字符串 小华,第 0次打印，我是线程thread-A
[16-10-28 09:33:37] main.c [print_log:44] WARN  ：我是测试字符串 小玲,第 0次打印，我是线程thread-A
[16-10-28 09:33:37] main.c [print_log:40] ERROR ：我是测试字符串 张鹏,第 1次打印，我是线程thread-A
[16-10-28 09:33:37] main.c [print_log:41] DEBUG ：我是测试字符串 灿灿,第 1次打印，我是线程thread-A
[16-10-28 09:33:37] main.c [print_log:42] INFO  ：我是测试字符串 何敏,第 1次打印，我是线程thread-A
[16-10-28 09:33:37] main.c [print_log:43] FATAL ：我是测试字符串 小华,第 1次打印，我是线程thread-A
[16-10-28 09:33:37] main.c [print_log:41] DEBUG ：我是测试字符串 灿灿,第 0次打印，我是线程thread-E
[16-10-28 09:33:37] main.c [print_log:42] INFO  ：我是测试字符串 何敏,第 0次打印，我是线程thread-E
[16-10-28 09:33:37] main.c [print_log:43] FATAL ：我是测试字符串 小华,第 0次打印，我是线程thread-E
[16-10-28 09:33:37] main.c [print_log:41] DEBUG ：我是测试字符串 灿灿,第 0次打印，我是线程thread-T
[16-10-28 09:33:37] main.c [print_log:42] INFO  ：我是测试字符串 何敏,第 0次打印，我是线程thread-J
[16-10-28 09:33:37] main.c [print_log:43] FATAL ：我是测试字符串 小华,第 0次打印，我是线程thread-J
[16-10-28 09:33:37] main.c [print_log:44] WARN  ：我是测试字符串 小玲,第 0次打印，我是线程thread-J
[16-10-28 09:33:37] main.c [print_log:43] FATAL ：我是测试字符串 小华,第 0次打印，我是线程thread-L
[16-10-28 09:33:37] main.c [print_log:42] INFO  ：我是测试字符串 何敏,第 0次打印，我是线程thread-B
[16-10-28 09:33:37] main.c [print_log:43] FATAL ：我是测试字符串 小华,第 0次打印，我是线程thread-B
[16-10-28 09:33:37] main.c [print_log:43] FATAL ：我是测试字符串 小华,第 0次打印，我是线程thread-N
[16-10-28 09:33:37] main.c [print_log:41] DEBUG ：我是测试字符串 灿灿,第 0次打印，我是线程thread-G
[16-10-28 09:33:37] main.c [print_log:42] INFO  ：我是测试字符串 何敏,第 0次打印，我是线程thread-G
[16-10-28 09:33:37] main.c [print_log:43] FATAL ：我是测试字符串 小华,第 0次打印，我是线程thread-G
[16-10-28 09:33:37] main.c [print_log:44] WARN  ：我是测试字符串 小玲,第 0次打印，我是线程thread-G
[16-10-28 09:33:37] main.c [print_log:40] ERROR ：我是测试字符串 张鹏,第 1次打印，我是线程thread-G
[16-10-28 09:33:37] main.c [print_log:41] DEBUG ：我是测试字符串 灿灿,第 1次打印，我是线程thread-G
[16-10-28 09:33:37] main.c [print_log:40] ERROR ：我是测试字符串 张鹏,第 0次打印，我是线程thread-C
[16-10-28 09:33:37] main.c [print_log:40] ERROR ：我是测试字符串 张鹏,第 0次打印，我是线程thread-S
[16-10-28 09:33:37] main.c [print_log:41] DEBUG ：我是测试字符串 灿灿,第 0次打印，我是线程thread-S
[16-10-28 09:33:37] main.c [print_log:42] INFO  ：我是测试字符串 何敏,第 0次打印，我是线程thread-S
[16-10-28 09:33:37] main.c [print_log:43] FATAL ：我是测试字符串 小华,第 0次打印，我是线程thread-S
[16-10-28 09:33:37] main.c [print_log:44] WARN  ：我是测试字符串 小玲,第 0次打印，我是线程thread-S
[16-10-28 09:33:37] main.c [print_log:40] ERROR ：我是测试字符串 张鹏,第 1次打印，我是线程thread-S
[16-10-28 09:33:37] main.c [print_log:41] DEBUG ：我是测试字符串 灿灿,第 1次打印，我是线程thread-S
[16-10-28 09:33:37] main.c [print_log:42] INFO  ：我是测试字符串 何敏,第 1次打印，我是线程thread-S
[16-10-28 09:33:37] main.c [print_log:40] ERROR ：我是测试字符串 张鹏,第 1次打印，我是线程thread-J
[16-10-28 09:33:37] main.c [print_log:44] WARN  ：我是测试字符串 小玲,第 0次打印，我是线程thread-L
[16-10-28 09:33:37] main.c [print_log:40] ERROR ：我是测试字符串 张鹏,第 1次打印，我是线程thread-L
[16-10-28 09:33:37] main.c [print_log:44] WARN  ：我是测试字符串 小玲,第 0次打印，我是线程thread-B
[16-10-28 09:33:37] main.c [print_log:44] WARN  ：我是测试字符串 小玲,第 0次打印，我是线程thread-N
[16-10-28 09:33:37] main.c [print_log:40] ERROR ：我是测试字符串 张鹏,第 1次打印，我是线程thread-N
[16-10-28 09:33:37] main.c [print_log:41] DEBUG ：我是测试字符串 灿灿,第 1次打印，我是线程thread-N
[16-10-28 09:33:37] main.c [print_log:42] INFO  ：我是测试字符串 何敏,第 1次打印，我是线程thread-N
[16-10-28 09:33:37] main.c [print_log:43] FATAL ：我是测试字符串 小华,第 1次打印，我是线程thread-N
[16-10-28 09:33:37] main.c [print_log:44] WARN  ：我是测试字符串 小玲,第 1次打印，我是线程thread-N
[16-10-28 09:33:37] main.c [print_log:42] INFO  ：我是测试字符串 何敏,第 1次打印，我是线程thread-G
[16-10-28 09:33:37] main.c [print_log:43] FATAL ：我是测试字符串 小华,第 1次打印，我是线程thread-G
[16-10-28 09:33:37] main.c [print_log:44] WARN  ：我是测试字符串 小玲,第 1次打印，我是线程thread-G
[16-10-28 09:33:37] main.c [print_log:40] ERROR ：我是测试字符串 张鹏,第 2次打印，我是线程thread-G
[16-10-28 09:33:37] main.c [print_log:41] DEBUG ：我是测试字符串 灿灿,第 2次打印，我是线程thread-G
[16-10-28 09:33:37] main.c [print_log:42] INFO  ：我是测试字符串 何敏,第 2次打印，我是线程thread-G
[16-10-28 09:33:37] main.c [print_log:43] FATAL ：我是测试字符串 小华,第 2次打印，我是线程thread-G
[16-10-28 09:33:37] main.c [print_log:44] WARN  ：我是测试字符串 小玲,第 2次打印，我是线程thread-G
[16-10-28 09:33:37] main.c [print_log:40] ERROR ：我是测试字符串 张鹏,第 3次打印，我是线程thread-G
[16-10-28 09:33:37] main.c [print_log:43] FATAL ：我是测试字符串 小华,第 1次打印，我是线程thread-S
[16-10-28 09:33:37] main.c [print_log:41] DEBUG ：我是测试字符串 灿灿,第 1次打印，我是线程thread-J
[16-10-28 09:33:37] main.c [print_log:42] INFO  ：我是测试字符串 何敏,第 1次打印，我是线程thread-J
[16-10-28 09:33:37] main.c [print_log:41] DEBUG ：我是测试字符串 灿灿,第 1次打印，我是线程thread-L
[16-10-28 09:33:37] main.c [print_log:40] ERROR ：我是测试字符串 张鹏,第 1次打印，我是线程thread-B
[16-10-28 09:33:37] main.c [print_log:41] DEBUG ：我是测试字符串 灿灿,第 1次打印，我是线程thread-B
[16-10-28 09:33:37] main.c [print_log:40] ERROR ：我是测试字符串 张鹏,第 0次打印，我是线程thread-H
[16-10-28 09:33:37] main.c [print_log:40] ERROR ：我是测试字符串 张鹏,第 0次打印，我是线程thread-Q
[16-10-28 09:33:37] main.c [print_log:41] DEBUG ：我是测试字符串 灿灿,第 0次打印，我是线程thread-Q
[16-10-28 09:33:37] main.c [print_log:42] INFO  ：我是测试字符串 何敏,第 0次打印，我是线程thread-Q
[16-10-28 09:33:37] main.c [print_log:43] FATAL ：我是测试字符串 小华,第 0次打印，我是线程thread-Q
[16-10-28 09:33:37] main.c [print_log:44] WARN  ：我是测试字符串 小玲,第 0次打印，我是线程thread-Q
[16-10-28 09:33:37] main.c [print_log:40] ERROR ：我是测试字符串 张鹏,第 1次打印，我是线程thread-Q
[16-10-28 09:33:37] main.c [print_log:41] DEBUG ：我是测试字符串 灿灿,第 1次打印，我是线程thread-Q
[16-10-28 09:33:37] main.c [print_log:42] INFO  ：我是测试字符串 何敏,第 1次打印，我是线程thread-Q
[16-10-28 09:33:37] main.c [print_log:43] FATAL ：我是测试字符串 小华,第 1次打印，我是线程thread-Q
[16-10-28 09:33:37] main.c [print_log:44] WARN  ：我是测试字符串 小玲,第 1次打印，我是线程thread-Q
[16-10-28 09:33:37] main.c [print_log:40] ERROR ：我是测试字符串 张鹏,第 2次打印，我是线程thread-Q
[16-10-28 09:33:37] main.c [print_log:41] DEBUG ：我是测试字符串 灿灿,第 2次打印，我是线程thread-Q
[16-10-28 09:33:37] main.c [print_log:42] INFO  ：我是测试字符串 何敏,第 2次打印，我是线程thread-Q
[16-10-28 09:33:37] main.c [print_log:43] FATAL ：我是测试字符串 小华,第 2次打印，我是线程thread-Q
[16-10-28 09:33:37] main.c [print_log:44] WARN  ：我是测试字符串 小玲,第 2次打印，我是线程thread-Q
[16-10-28 09:33:37] main.c [print_log:43] FATAL ：我是测试字符串 小华,第 1次打印，我是线程thread-J
[16-10-28 09:33:37] main.c [print_log:42] INFO  ：我是测试字符串 何敏,第 1次打印，我是线程thread-L
[16-10-28 09:33:37] main.c [print_log:43] FATAL ：我是测试字符串 小华,第 1次打印，我是线程thread-L
[16-10-28 09:33:37] main.c [print_log:42] INFO  ：我是测试字符串 何敏,第 1次打印，我是线程thread-B
[16-10-28 09:33:37] main.c [print_log:43] FATAL ：我是测试字符串 小华,第 1次打印，我是线程thread-B
[16-10-28 09:33:37] main.c [print_log:44] WARN  ：我是测试字符串 小玲,第 1次打印，我是线程thread-B
[16-10-28 09:33:37] main.c [print_log:40] ERROR ：我是测试字符串 张鹏,第 2次打印，我是线程thread-B
[16-10-28 09:33:37] main.c [print_log:41] DEBUG ：我是测试字符串 灿灿,第 2次打印，我是线程thread-B
[16-10-28 09:33:37] main.c [print_log:42] INFO  ：我是测试字符串 何敏,第 2次打印，我是线程thread-B
[16-10-28 09:33:37] main.c [print_log:43] FATAL ：我是测试字符串 小华,第 2次打印，我是线程thread-B
[16-10-28 09:33:37] main.c [print_log:44] WARN  ：我是测试字符串 小玲,第 2次打印，我是线程thread-B
[16-10-28 09:33:37] main.c [print_log:40] ERROR ：我是测试字符串 张鹏,第 3次打印，我是线程thread-B
[16-10-28 09:33:37] main.c [print_log:41] DEBUG ：我是测试字符串 灿灿,第 3次打印，我是线程thread-B
[16-10-28 09:33:37] main.c [print_log:42] INFO  ：我是测试字符串 何敏,第 3次打印，我是线程thread-B
[16-10-28 09:33:37] main.c [print_log:43] FATAL ：我是测试字符串 小华,第 3次打印，我是线程thread-B
[16-10-28 09:33:37] main.c [print_log:44] WARN  ：我是测试字符串 小玲,第 3次打印，我是线程thread-B
[16-10-28 09:33:37] main.c [print_log:40] ERROR ：我是测试字符串 张鹏,第 4次打印，我是线程thread-B
[16-10-28 09:33:37] main.c [print_log:41] DEBUG ：我是测试字符串 灿灿,第 4次打印，我是线程thread-B
[16-10-28 09:33:37] main.c [print_log:42] INFO  ：我是测试字符串 何敏,第 0次打印，我是线程thread-M
[16-10-28 09:33:37] main.c [print_log:40] ERROR ：我是测试字符串 张鹏,第 3次打印，我是线程thread-Q
[16-10-28 09:33:37] main.c [print_log:44] WARN  ：我是测试字符串 小玲,第 1次打印，我是线程thread-J
[16-10-28 09:33:37] main.c [print_log:40] ERROR ：我是测试字符串 张鹏,第 2次打印，我是线程thread-J
[16-10-28 09:33:37] main.c [print_log:44] WARN  ：我是测试字符串 小玲,第 1次打印，我是线程thread-L
[16-10-28 09:33:37] main.c [print_log:40] ERROR ：我是测试字符串 张鹏,第 2次打印，我是线程thread-L
[16-10-28 09:33:37] main.c [print_log:41] DEBUG ：我是测试字符串 灿灿,第 2次打印，我是线程thread-L
[16-10-28 09:33:37] main.c [print_log:42] INFO  ：我是测试字符串 何敏,第 2次打印，我是线程thread-L
[16-10-28 09:33:37] main.c [print_log:43] FATAL ：我是测试字符串 小华,第 2次打印，我是线程thread-L
[16-10-28 09:33:37] main.c [print_log:44] WARN  ：我是测试字符串 小玲,第 2次打印，我是线程thread-L
[16-10-28 09:33:37] main.c [print_log:40] ERROR ：我是测试字符串 张鹏,第 3次打印，我是线程thread-L
[16-10-28 09:33:37] main.c [print_log:41] DEBUG ：我是测试字符串 灿灿,第 3次打印，我是线程thread-L
[16-10-28 09:33:37] main.c [print_log:42] INFO  ：我是测试字符串 何敏,第 3次打印，我是线程thread-L
[16-10-28 09:33:37] main.c [print_log:43] FATAL ：我是测试字符串 小华,第 3次打印，我是线程thread-L
[16-10-28 09:33:37] main.c [print_log:44] WARN  ：我是测试字符串 小玲,第 3次打印，我是线程thread-L
[16-10-28 09:33:37] main.c [print_log:40] ERROR ：我是测试字符串 张鹏,第 4次打印，我是线程thread-L
[16-10-28 09:33:37] main.c [print_log:41] DEBUG ：我是测试字符串 灿灿,第 4次打印，我是线程thread-L
[16-10-28 09:33:37] main.c [print_log:42] INFO  ：我是测试字符串 何敏,第 4次打印，我是线程thread-L
[16-10-28 09:33:37] main.c [print_log:43] FATAL ：我是测试字符串 小华,第 4次打印，我是线程thread-L
[16-10-28 09:33:37] main.c [print_log:42] INFO  ：我是测试字符串 何敏,第 4次打印，我是线程thread-B
[16-10-28 09:33:37] main.c [print_log:43] FATAL ：我是测试字符串 小华,第 4次打印，我是线程thread-B
[16-10-28 09:33:37] main.c [print_log:41] DEBUG ：我是测试字符串 灿灿,第 3次打印，我是线程thread-Q
[16-10-28 09:33:37] main.c [print_log:42] INFO  ：我是测试字符串 何敏,第 3次打印，我是线程thread-Q
[16-10-28 09:33:37] main.c [print_log:41] DEBUG ：我是测试字符串 灿灿,第 2次打印，我是线程thread-J
[16-10-28 09:33:37] main.c [print_log:42] INFO  ：我是测试字符串 何敏,第 2次打印，我是线程thread-J
[16-10-28 09:33:37] main.c [print_log:43] FATAL ：我是测试字符串 小华,第 2次打印，我是线程thread-J
[16-10-28 09:33:37] main.c [print_log:44] WARN  ：我是测试字符串 小玲,第 2次打印，我是线程thread-J
[16-10-28 09:33:37] main.c [print_log:40] ERROR ：我是测试字符串 张鹏,第 3次打印，我是线程thread-J
[16-10-28 09:33:37] main.c [print_log:41] DEBUG ：我是测试字符串 灿灿,第 3次打印，我是线程thread-J
[16-10-28 09:33:37] main.c [print_log:42] INFO  ：我是测试字符串 何敏,第 3次打印，我是线程thread-J
[16-10-28 09:33:37] main.c [print_log:43] FATAL ：我是测试字符串 小华,第 3次打印，我是线程thread-J
[16-10-28 09:33:37] main.c [print_log:44] WARN  ：我是测试字符串 小玲,第 3次打印，我是线程thread-J
[16-10-28 09:33:37] main.c [print_log:40] ERROR ：我是测试字符串 张鹏,第 4次打印，我是线程thread-J
[16-10-28 09:33:37] main.c [print_log:42] INFO  ：我是测试字符串 何敏,第 0次打印，我是线程thread-T
[16-10-28 09:33:37] main.c [print_log:41] DEBUG ：我是测试字符串 灿灿,第 0次打印，我是线程thread-D
[16-10-28 09:33:37] main.c [print_log:43] FATAL ：我是测试字符串 小华,第 0次打印，我是线程thread-T
[16-10-28 09:33:37] main.c [print_log:44] WARN  ：我是测试字符串 小玲,第 0次打印，我是线程thread-T
[16-10-28 09:33:37] main.c [print_log:44] WARN  ：我是测试字符串 小玲,第 1次打印，我是线程thread-S
[16-10-28 09:33:37] main.c [print_log:40] ERROR ：我是测试字符串 张鹏,第 2次打印，我是线程thread-S
[16-10-28 09:33:37] main.c [print_log:41] DEBUG ：我是测试字符串 灿灿,第 2次打印，我是线程thread-S
[16-10-28 09:33:37] main.c [print_log:42] INFO  ：我是测试字符串 何敏,第 2次打印，我是线程thread-S
[16-10-28 09:33:37] main.c [print_log:43] FATAL ：我是测试字符串 小华,第 2次打印，我是线程thread-S
[16-10-28 09:33:37] main.c [print_log:44] WARN  ：我是测试字符串 小玲,第 2次打印，我是线程thread-S
[16-10-28 09:33:37] main.c [print_log:40] ERROR ：我是测试字符串 张鹏,第 3次打印，我是线程thread-S
[16-10-28 09:33:37] main.c [print_log:41] DEBUG ：我是测试字符串 灿灿,第 3次打印，我是线程thread-S
[16-10-28 09:33:37] main.c [print_log:42] INFO  ：我是测试字符串 何敏,第 3次打印，我是线程thread-S
[16-10-28 09:33:37] main.c [print_log:43] FATAL ：我是测试字符串 小华,第 3次打印，我是线程thread-S
[16-10-28 09:33:37] main.c [print_log:44] WARN  ：我是测试字符串 小玲,第 3次打印，我是线程thread-S
[16-10-28 09:33:37] main.c [print_log:40] ERROR ：我是测试字符串 张鹏,第 4次打印，我是线程thread-S
[16-10-28 09:33:37] main.c [print_log:41] DEBUG ：我是测试字符串 灿灿,第 4次打印，我是线程thread-S
[16-10-28 09:33:37] main.c [print_log:42] INFO  ：我是测试字符串 何敏,第 4次打印，我是线程thread-S
[16-10-28 09:33:37] main.c [print_log:43] FATAL ：我是测试字符串 小华,第 4次打印，我是线程thread-S
[16-10-28 09:33:37] main.c [print_log:44] WARN  ：我是测试字符串 小玲,第 4次打印，我是线程thread-S
[16-10-28 09:33:37] main.c [print_log:40] ERROR ：我是测试字符串 张鹏,第 5次打印，我是线程thread-S
[16-10-28 09:33:37] main.c [print_log:41] DEBUG ：我是测试字符串 灿灿,第 5次打印，我是线程thread-S
[16-10-28 09:33:37] main.c [print_log:42] INFO  ：我是测试字符串 何敏,第 5次打印，我是线程thread-S
[16-10-28 09:33:37] main.c [print_log:43] FATAL ：我是测试字符串 小华,第 5次打印，我是线程thread-S
[16-10-28 09:33:37] main.c [print_log:44] WARN  ：我是测试字符串 小玲,第 5次打印，我是线程thread-S
[16-10-28 09:33:37] main.c [print_log:40] ERROR ：我是测试字符串 张鹏,第 6次打印，我是线程thread-S
[16-10-28 09:33:37] main.c [print_log:44] WARN  ：我是测试字符串 小玲,第 4次打印，我是线程thread-B
[16-10-28 09:33:37] main.c [print_log:43] FATAL ：我是测试字符串 小华,第 0次打印，我是线程thread-F
[16-10-28 09:33:37] main.c [print_log:44] WARN  ：我是测试字符串 小玲,第 0次打印，我是线程thread-F
[16-10-28 09:33:37] main.c [print_log:40] ERROR ：我是测试字符串 张鹏,第 1次打印，我是线程thread-F
[16-10-28 09:33:37] main.c [print_log:41] DEBUG ：我是测试字符串 灿灿,第 1次打印，我是线程thread-F
[16-10-28 09:33:37] main.c [print_log:42] INFO  ：我是测试字符串 何敏,第 1次打印，我是线程thread-F
[16-10-28 09:33:37] main.c [print_log:43] FATAL ：我是测试字符串 小华,第 1次打印，我是线程thread-F
[16-10-28 09:33:37] main.c [print_log:44] WARN  ：我是测试字符串 小玲,第 1次打印，我是线程thread-F
[16-10-28 09:33:37] main.c [print_log:40] ERROR ：我是测试字符串 张鹏,第 2次打印，我是线程thread-F
[16-10-28 09:33:37] main.c [print_log:40] ERROR ：我是测试字符串 张鹏,第 0次打印，我是线程thread-K
[16-10-28 09:33:37] main.c [print_log:41] DEBUG ：我是测试字符串 灿灿,第 0次打印，我是线程thread-K
[16-10-28 09:33:37] main.c [print_log:42] INFO  ：我是测试字符串 何敏,第 0次打印，我是线程thread-K
[16-10-28 09:33:37] main.c [print_log:43] FATAL ：我是测试字符串 小华,第 0次打印，我是线程thread-K
[16-10-28 09:33:37] main.c [print_log:44] WARN  ：我是测试字符串 小玲,第 0次打印，我是线程thread-K
[16-10-28 09:33:37] main.c [print_log:40] ERROR ：我是测试字符串 张鹏,第 1次打印，我是线程thread-K
[16-10-28 09:33:37] main.c [print_log:41] DEBUG ：我是测试字符串 灿灿,第 1次打印，我是线程thread-K
[16-10-28 09:33:37] main.c [print_log:42] INFO  ：我是测试字符串 何敏,第 1次打印，我是线程thread-K
[16-10-28 09:33:37] main.c [print_log:43] FATAL ：我是测试字符串 小华,第 1次打印，我是线程thread-K
[16-10-28 09:33:37] main.c [print_log:44] WARN  ：我是测试字符串 小玲,第 1次打印，我是线程thread-K
[16-10-28 09:33:37] main.c [print_log:40] ERROR ：我是测试字符串 张鹏,第 2次打印，我是线程thread-K
[16-10-28 09:33:37] main.c [print_log:41] DEBUG ：我是测试字符串 灿灿,第 2次打印，我是线程thread-K
[16-10-28 09:33:37] main.c [print_log:42] INFO  ：我是测试字符串 何敏,第 2次打印，我是线程thread-K
[16-10-28 09:33:37] main.c [print_log:43] FATAL ：我是测试字符串 小华,第 2次打印，我是线程thread-K
[16-10-28 09:33:37] main.c [print_log:44] WARN  ：我是测试字符串 小玲,第 2次打印，我是线程thread-K
[16-10-28 09:33:37] main.c [print_log:40] ERROR ：我是测试字符串 张鹏,第 3次打印，我是线程thread-K
[16-10-28 09:33:37] main.c [print_log:41] DEBUG ：我是测试字符串 灿灿,第 3次打印，我是线程thread-K
[16-10-28 09:33:37] main.c [print_log:42] INFO  ：我是测试字符串 何敏,第 3次打印，我是线程thread-K
[16-10-28 09:33:37] main.c [print_log:43] FATAL ：我是测试字符串 小华,第 3次打印，我是线程thread-K
[16-10-28 09:33:37] main.c [print_log:44] WARN  ：我是测试字符串 小玲,第 3次打印，我是线程thread-K
[16-10-28 09:33:37] main.c [print_log:40] ERROR ：我是测试字符串 张鹏,第 4次打印，我是线程thread-K
[16-10-28 09:33:37] main.c [print_log:41] DEBUG ：我是测试字符串 灿灿,第 4次打印，我是线程thread-K
[16-10-28 09:33:37] main.c [print_log:42] INFO  ：我是测试字符串 何敏,第 4次打印，我是线程thread-K
[16-10-28 09:33:37] main.c [print_log:43] FATAL ：我是测试字符串 小华,第 4次打印，我是线程thread-K
[16-10-28 09:33:37] main.c [print_log:44] WARN  ：我是测试字符串 小玲,第 4次打印，我是线程thread-K
[16-10-28 09:33:37] main.c [print_log:40] ERROR ：我是测试字符串 张鹏,第 5次打印，我是线程thread-K
[16-10-28 09:33:37] main.c [print_log:41] DEBUG ：我是测试字符串 灿灿,第 5次打印，我是线程thread-K
[16-10-28 09:33:37] main.c [print_log:42] INFO  ：我是测试字符串 何敏,第 5次打印，我是线程thread-K
[16-10-28 09:33:37] main.c [print_log:43] FATAL ：我是测试字符串 小华,第 5次打印，我是线程thread-K
[16-10-28 09:33:37] main.c [print_log:44] WARN  ：我是测试字符串 小玲,第 5次打印，我是线程thread-K
[16-10-28 09:33:37] main.c [print_log:40] ERROR ：我是测试字符串 张鹏,第 5次打印，我是线程thread-B
[16-10-28 09:33:37] main.c [print_log:43] FATAL ：我是测试字符串 小华,第 3次打印，我是线程thread-Q
[16-10-28 09:33:37] main.c [print_log:44] WARN  ：我是测试字符串 小玲,第 3次打印，我是线程thread-Q
[16-10-28 09:33:37] main.c [print_log:40] ERROR ：我是测试字符串 张鹏,第 4次打印，我是线程thread-Q
[16-10-28 09:33:37] main.c [print_log:40] ERROR ：我是测试字符串 张鹏,第 0次打印，我是线程thread-R
[16-10-28 09:33:37] main.c [print_log:41] DEBUG ：我是测试字符串 灿灿,第 0次打印，我是线程thread-R
[16-10-28 09:33:37] main.c [print_log:42] INFO  ：我是测试字符串 何敏,第 0次打印，我是线程thread-R
[16-10-28 09:33:37] main.c [print_log:43] FATAL ：我是测试字符串 小华,第 0次打印，我是线程thread-R
[16-10-28 09:33:37] main.c [print_log:44] WARN  ：我是测试字符串 小玲,第 0次打印，我是线程thread-R
[16-10-28 09:33:37] main.c [print_log:40] ERROR ：我是测试字符串 张鹏,第 1次打印，我是线程thread-R
[16-10-28 09:33:37] main.c [print_log:41] DEBUG ：我是测试字符串 灿灿,第 1次打印，我是线程thread-R
[16-10-28 09:33:37] main.c [print_log:42] INFO  ：我是测试字符串 何敏,第 1次打印，我是线程thread-R
[16-10-28 09:33:37] main.c [print_log:43] FATAL ：我是测试字符串 小华,第 1次打印，我是线程thread-R
[16-10-28 09:33:37] main.c [print_log:44] WARN  ：我是测试字符串 小玲,第 1次打印，我是线程thread-R
[16-10-28 09:33:37] main.c [print_log:40] ERROR ：我是测试字符串 张鹏,第 2次打印，我是线程thread-R
[16-10-28 09:33:37] main.c [print_log:41] DEBUG ：我是测试字符串 灿灿,第 2次打印，我是线程thread-R
[16-10-28 09:33:37] main.c [print_log:42] INFO  ：我是测试字符串 何敏,第 2次打印，我是线程thread-R
[16-10-28 09:33:37] main.c [print_log:43] FATAL ：我是测试字符串 小华,第 2次打印，我是线程thread-R
[16-10-28 09:33:37] main.c [print_log:44] WARN  ：我是测试字符串 小玲,第 2次打印，我是线程thread-R
[16-10-28 09:33:37] main.c [print_log:40] ERROR ：我是测试字符串 张鹏,第 3次打印，我是线程thread-R
[16-10-28 09:33:37] main.c [print_log:41] DEBUG ：我是测试字符串 灿灿,第 5次打印，我是线程thread-B
[16-10-28 09:33:37] main.c [print_log:41] DEBUG ：我是测试字符串 灿灿,第 0次打印，我是线程thread-H
[16-10-28 09:33:37] main.c [print_log:42] INFO  ：我是测试字符串 何敏,第 0次打印，我是线程thread-H
[16-10-28 09:33:37] main.c [print_log:43] FATAL ：我是测试字符串 小华,第 0次打印，我是线程thread-H
[16-10-28 09:33:37] main.c [print_log:44] WARN  ：我是测试字符串 小玲,第 0次打印，我是线程thread-H
[16-10-28 09:33:37] main.c [print_log:40] ERROR ：我是测试字符串 张鹏,第 1次打印，我是线程thread-H
[16-10-28 09:33:37] main.c [print_log:41] DEBUG ：我是测试字符串 灿灿,第 1次打印，我是线程thread-H
[16-10-28 09:33:37] main.c [print_log:42] INFO  ：我是测试字符串 何敏,第 1次打印，我是线程thread-H
[16-10-28 09:33:37] main.c [print_log:43] FATAL ：我是测试字符串 小华,第 1次打印，我是线程thread-H
[16-10-28 09:33:37] main.c [print_log:44] WARN  ：我是测试字符串 小玲,第 1次打印，我是线程thread-H
[16-10-28 09:33:37] main.c [print_log:41] DEBUG ：我是测试字符串 灿灿,第 4次打印，我是线程thread-J
[16-10-28 09:33:37] main.c [print_log:42] INFO  ：我是测试字符串 何敏,第 4次打印，我是线程thread-J
[16-10-28 09:33:37] main.c [print_log:43] FATAL ：我是测试字符串 小华,第 4次打印，我是线程thread-J
[16-10-28 09:33:37] main.c [print_log:44] WARN  ：我是测试字符串 小玲,第 4次打印，我是线程thread-J
[16-10-28 09:33:37] main.c [print_log:40] ERROR ：我是测试字符串 张鹏,第 5次打印，我是线程thread-J
[16-10-28 09:33:37] main.c [print_log:41] DEBUG ：我是测试字符串 灿灿,第 5次打印，我是线程thread-J
[16-10-28 09:33:37] main.c [print_log:42] INFO  ：我是测试字符串 何敏,第 5次打印，我是线程thread-J
[16-10-28 09:33:37] main.c [print_log:43] FATAL ：我是测试字符串 小华,第 5次打印，我是线程thread-J
[16-10-28 09:33:37] main.c [print_log:40] ERROR ：我是测试字符串 张鹏,第 6次打印，我是线程thread-K
[16-10-28 09:33:37] main.c [print_log:41] DEBUG ：我是测试字符串 灿灿,第 3次打印，我是线程thread-R
[16-10-28 09:33:37] main.c [print_log:42] INFO  ：我是测试字符串 何敏,第 5次打印，我是线程thread-B
[16-10-28 09:33:37] main.c [print_log:43] FATAL ：我是测试字符串 小华,第 5次打印，我是线程thread-B
[16-10-28 09:33:37] main.c [print_log:41] DEBUG ：我是测试字符串 灿灿,第 0次打印，我是线程thread-P
[16-10-28 09:33:37] main.c [print_log:41] DEBUG ：我是测试字符串 灿灿,第 4次打印，我是线程thread-Q
[16-10-28 09:33:37] main.c [print_log:41] DEBUG ：我是测试字符串 灿灿,第 0次打印，我是线程thread-C
[16-10-28 09:33:37] main.c [print_log:42] INFO  ：我是测试字符串 何敏,第 0次打印，我是线程thread-C
[16-10-28 09:33:37] main.c [print_log:43] FATAL ：我是测试字符串 小华,第 0次打印，我是线程thread-C
[16-10-28 09:33:37] main.c [print_log:44] WARN  ：我是测试字符串 小玲,第 0次打印，我是线程thread-C
[16-10-28 09:33:37] main.c [print_log:40] ERROR ：我是测试字符串 张鹏,第 1次打印，我是线程thread-C
[16-10-28 09:33:37] main.c [print_log:41] DEBUG ：我是测试字符串 灿灿,第 1次打印，我是线程thread-C
[16-10-28 09:33:37] main.c [print_log:42] INFO  ：我是测试字符串 何敏,第 1次打印，我是线程thread-C
[16-10-28 09:33:37] main.c [print_log:43] FATAL ：我是测试字符串 小华,第 1次打印，我是线程thread-C
[16-10-28 09:33:37] main.c [print_log:44] WARN  ：我是测试字符串 小玲,第 1次打印，我是线程thread-C
[16-10-28 09:33:37] main.c [print_log:40] ERROR ：我是测试字符串 张鹏,第 2次打印，我是线程thread-C
[16-10-28 09:33:37] main.c [print_log:41] DEBUG ：我是测试字符串 灿灿,第 2次打印，我是线程thread-C
[16-10-28 09:33:37] main.c [print_log:42] INFO  ：我是测试字符串 何敏,第 2次打印，我是线程thread-C
[16-10-28 09:33:37] main.c [print_log:43] FATAL ：我是测试字符串 小华,第 2次打印，我是线程thread-C
[16-10-28 09:33:37] main.c [print_log:44] WARN  ：我是测试字符串 小玲,第 2次打印，我是线程thread-C
[16-10-28 09:33:37] main.c [print_log:40] ERROR ：我是测试字符串 张鹏,第 3次打印，我是线程thread-C
[16-10-28 09:33:37] main.c [print_log:41] DEBUG ：我是测试字符串 灿灿,第 3次打印，我是线程thread-C
[16-10-28 09:33:37] main.c [print_log:42] INFO  ：我是测试字符串 何敏,第 3次打印，我是线程thread-C
[16-10-28 09:33:37] main.c [print_log:43] FATAL ：我是测试字符串 小华,第 3次打印，我是线程thread-C
[16-10-28 09:33:37] main.c [print_log:44] WARN  ：我是测试字符串 小玲,第 3次打印，我是线程thread-C
[16-10-28 09:33:37] main.c [print_log:40] ERROR ：我是测试字符串 张鹏,第 4次打印，我是线程thread-C
[16-10-28 09:33:37] main.c [print_log:44] WARN  ：我是测试字符串 小玲,第 1次打印，我是线程thread-A
[16-10-28 09:33:37] main.c [print_log:40] ERROR ：我是测试字符串 张鹏,第 2次打印，我是线程thread-A
[16-10-28 09:33:37] main.c [print_log:41] DEBUG ：我是测试字符串 灿灿,第 2次打印，我是线程thread-A
[16-10-28 09:33:37] main.c [print_log:42] INFO  ：我是测试字符串 何敏,第 2次打印，我是线程thread-A
[16-10-28 09:33:37] main.c [print_log:43] FATAL ：我是测试字符串 小华,第 2次打印，我是线程thread-A
[16-10-28 09:33:37] main.c [print_log:44] WARN  ：我是测试字符串 小玲,第 2次打印，我是线程thread-A
[16-10-28 09:33:37] main.c [print_log:40] ERROR ：我是测试字符串 张鹏,第 3次打印，我是线程thread-A
[16-10-28 09:33:37] main.c [print_log:41] DEBUG ：我是测试字符串 灿灿,第 3次打印，我是线程thread-A
[16-10-28 09:33:37] main.c [print_log:40] ERROR ：我是测试字符串 张鹏,第 1次打印，我是线程thread-T
[16-10-28 09:33:37] main.c [print_log:44] WARN  ：我是测试字符串 小玲,第 4次打印，我是线程thread-L
[16-10-28 09:33:37] main.c [print_log:43] FATAL ：我是测试字符串 小华,第 0次打印，我是线程thread-M
[16-10-28 09:33:37] main.c [print_log:41] DEBUG ：我是测试字符串 灿灿,第 6次打印，我是线程thread-S
[16-10-28 09:33:37] main.c [print_log:44] WARN  ：我是测试字符串 小玲,第 5次打印，我是线程thread-J
[16-10-28 09:33:37] main.c [print_log:41] DEBUG ：我是测试字符串 灿灿,第 6次打印，我是线程thread-K
[16-10-28 09:33:37] main.c [print_log:42] INFO  ：我是测试字符串 何敏,第 6次打印，我是线程thread-K
[16-10-28 09:33:37] main.c [print_log:44] WARN  ：我是测试字符串 小玲,第 5次打印，我是线程thread-B
[16-10-28 09:33:37] main.c [print_log:40] ERROR ：我是测试字符串 张鹏,第 2次打印，我是线程thread-N
[16-10-28 09:33:37] main.c [print_log:41] DEBUG ：我是测试字符串 灿灿,第 2次打印，我是线程thread-N
[16-10-28 09:33:37] main.c [print_log:42] INFO  ：我是测试字符串 何敏,第 2次打印，我是线程thread-N
[16-10-28 09:33:37] main.c [print_log:42] INFO  ：我是测试字符串 何敏,第 4次打印，我是线程thread-Q
[16-10-28 09:33:37] main.c [print_log:41] DEBUG ：我是测试字符串 灿灿,第 2次打印，我是线程thread-F
[16-10-28 09:33:37] main.c [print_log:41] DEBUG ：我是测试字符串 灿灿,第 6次打印，我是线程thread-O
[16-10-28 09:33:37] main.c [print_log:42] INFO  ：我是测试字符串 何敏,第 6次打印，我是线程thread-O
[16-10-28 09:33:37] main.c [print_log:43] FATAL ：我是测试字符串 小华,第 6次打印，我是线程thread-O
[16-10-28 09:33:37] main.c [print_log:44] WARN  ：我是测试字符串 小玲,第 6次打印，我是线程thread-O
[16-10-28 09:33:37] main.c [print_log:40] ERROR ：我是测试字符串 张鹏,第 7次打印，我是线程thread-O
[16-10-28 09:33:37] main.c [print_log:41] DEBUG ：我是测试字符串 灿灿,第 7次打印，我是线程thread-O
[16-10-28 09:33:37] main.c [print_log:42] INFO  ：我是测试字符串 何敏,第 7次打印，我是线程thread-O
[16-10-28 09:33:37] main.c [print_log:43] FATAL ：我是测试字符串 小华,第 7次打印，我是线程thread-O
[16-10-28 09:33:37] main.c [print_log:44] WARN  ：我是测试字符串 小玲,第 7次打印，我是线程thread-O
[16-10-28 09:33:37] main.c [print_log:44] WARN  ：我是测试字符串 小玲,第 0次打印，我是线程thread-M
[16-10-28 09:33:37] main.c [print_log:42] INFO  ：我是测试字符串 何敏,第 6次打印，我是线程thread-S
[16-10-28 09:33:37] main.c [print_log:40] ERROR ：我是测试字符串 张鹏,第 6次打印，我是线程thread-J
[16-10-28 09:33:37] main.c [print_log:41] DEBUG ：我是测试字符串 灿灿,第 6次打印，我是线程thread-J
[16-10-28 09:33:37] main.c [print_log:43] FATAL ：我是测试字符串 小华,第 6次打印，我是线程thread-K
[16-10-28 09:33:37] main.c [print_log:40] ERROR ：我是测试字符串 张鹏,第 6次打印，我是线程thread-B
[16-10-28 09:33:37] main.c [print_log:41] DEBUG ：我是测试字符串 灿灿,第 6次打印，我是线程thread-B
[16-10-28 09:33:37] main.c [print_log:43] FATAL ：我是测试字符串 小华,第 2次打印，我是线程thread-N
[16-10-28 09:33:37] main.c [print_log:44] WARN  ：我是测试字符串 小玲,第 2次打印，我是线程thread-N
[16-10-28 09:33:37] main.c [print_log:40] ERROR ：我是测试字符串 张鹏,第 3次打印，我是线程thread-N
[16-10-28 09:33:37] main.c [print_log:41] DEBUG ：我是测试字符串 灿灿,第 3次打印，我是线程thread-N
[16-10-28 09:33:37] main.c [print_log:42] INFO  ：我是测试字符串 何敏,第 3次打印，我是线程thread-N
[16-10-28 09:33:37] main.c [print_log:40] ERROR ：我是测试字符串 张鹏,第 2次打印，我是线程thread-H
[16-10-28 09:33:37] main.c [print_log:42] INFO  ：我是测试字符串 何敏,第 0次打印，我是线程thread-D
[16-10-28 09:33:37] main.c [print_log:43] FATAL ：我是测试字符串 小华,第 0次打印，我是线程thread-D
[16-10-28 09:33:37] main.c [print_log:44] WARN  ：我是测试字符串 小玲,第 0次打印，我是线程thread-D
[16-10-28 09:33:37] main.c [print_log:40] ERROR ：我是测试字符串 张鹏,第 1次打印，我是线程thread-D
[16-10-28 09:33:37] main.c [print_log:41] DEBUG ：我是测试字符串 灿灿,第 1次打印，我是线程thread-D
[16-10-28 09:33:37] main.c [print_log:42] INFO  ：我是测试字符串 何敏,第 1次打印，我是线程thread-D
[16-10-28 09:33:37] main.c [print_log:43] FATAL ：我是测试字符串 小华,第 1次打印，我是线程thread-D
[16-10-28 09:33:37] main.c [print_log:40] ERROR ：我是测试字符串 张鹏,第 1次打印，我是线程thread-M
[16-10-28 09:33:37] main.c [print_log:43] FATAL ：我是测试字符串 小华,第 6次打印，我是线程thread-S
[16-10-28 09:33:37] main.c [print_log:44] WARN  ：我是测试字符串 小玲,第 6次打印，我是线程thread-S
[16-10-28 09:33:37] main.c [print_log:42] INFO  ：我是测试字符串 何敏,第 6次打印，我是线程thread-J
[16-10-28 09:33:37] main.c [print_log:44] WARN  ：我是测试字符串 小玲,第 6次打印，我是线程thread-K
[16-10-28 09:33:37] main.c [print_log:40] ERROR ：我是测试字符串 张鹏,第 7次打印，我是线程thread-K
[16-10-28 09:33:37] main.c [print_log:42] INFO  ：我是测试字符串 何敏,第 6次打印，我是线程thread-B
[16-10-28 09:33:37] main.c [print_log:43] FATAL ：我是测试字符串 小华,第 6次打印，我是线程thread-B
[16-10-28 09:33:37] main.c [print_log:44] WARN  ：我是测试字符串 小玲,第 6次打印，我是线程thread-B
[16-10-28 09:33:37] main.c [print_log:43] FATAL ：我是测试字符串 小华,第 4次打印，我是线程thread-Q
[16-10-28 09:33:37] main.c [print_log:44] WARN  ：我是测试字符串 小玲,第 0次打印，我是线程thread-E
[16-10-28 09:33:37] main.c [print_log:43] FATAL ：我是测试字符串 小华,第 3次打印，我是线程thread-N
[16-10-28 09:33:37] main.c [print_log:44] WARN  ：我是测试字符串 小玲,第 3次打印，我是线程thread-N
[16-10-28 09:33:37] main.c [print_log:40] ERROR ：我是测试字符串 张鹏,第 4次打印，我是线程thread-N
[16-10-28 09:33:37] main.c [print_log:41] DEBUG ：我是测试字符串 灿灿,第 4次打印，我是线程thread-N
[16-10-28 09:33:37] main.c [print_log:42] INFO  ：我是测试字符串 何敏,第 4次打印，我是线程thread-N
[16-10-28 09:33:37] main.c [print_log:43] FATAL ：我是测试字符串 小华,第 4次打印，我是线程thread-N
[16-10-28 09:33:37] main.c [print_log:44] WARN  ：我是测试字符串 小玲,第 4次打印，我是线程thread-N
[16-10-28 09:33:37] main.c [print_log:40] ERROR ：我是测试字符串 张鹏,第 5次打印，我是线程thread-N
[16-10-28 09:33:37] main.c [print_log:41] DEBUG ：我是测试字符串 灿灿,第 5次打印，我是线程thread-N
[16-10-28 09:33:37] main.c [print_log:41] DEBUG ：我是测试字符串 灿灿,第 1次打印，我是线程thread-M
[16-10-28 09:33:37] main.c [print_log:42] INFO  ：我是测试字符串 何敏,第 1次打印，我是线程thread-M
[16-10-28 09:33:37] main.c [print_log:40] ERROR ：我是测试字符串 张鹏,第 7次打印，我是线程thread-S
[16-10-28 09:33:37] main.c [print_log:43] FATAL ：我是测试字符串 小华,第 6次打印，我是线程thread-J
[16-10-28 09:33:37] main.c [print_log:44] WARN  ：我是测试字符串 小玲,第 6次打印，我是线程thread-J
[16-10-28 09:33:37] main.c [print_log:41] DEBUG ：我是测试字符串 灿灿,第 7次打印，我是线程thread-K
[16-10-28 09:33:37] main.c [print_log:41] DEBUG ：我是测试字符串 灿灿,第 4次打印，我是线程thread-C
[16-10-28 09:33:37] main.c [print_log:40] ERROR ：我是测试字符串 张鹏,第 7次打印，我是线程thread-B
[16-10-28 09:33:37] main.c [print_log:41] DEBUG ：我是测试字符串 灿灿,第 7次打印，我是线程thread-B
[16-10-28 09:33:37] main.c [print_log:42] INFO  ：我是测试字符串 何敏,第 7次打印，我是线程thread-B
[16-10-28 09:33:37] main.c [print_log:43] FATAL ：我是测试字符串 小华,第 7次打印，我是线程thread-B
[16-10-28 09:33:37] main.c [print_log:44] WARN  ：我是测试字符串 小玲,第 7次打印，我是线程thread-B
[16-10-28 09:33:37] main.c [print_log:40] ERROR ：我是测试字符串 张鹏,第 8次打印，我是线程thread-B
[16-10-28 09:33:37] main.c [print_log:41] DEBUG ：我是测试字符串 灿灿,第 8次打印，我是线程thread-B
[16-10-28 09:33:37] main.c [print_log:42] INFO  ：我是测试字符串 何敏,第 8次打印，我是线程thread-B
[16-10-28 09:33:37] main.c [print_log:43] FATAL ：我是测试字符串 小华,第 8次打印，我是线程thread-B
[16-10-28 09:33:37] main.c [print_log:44] WARN  ：我是测试字符串 小玲,第 8次打印，我是线程thread-B
[16-10-28 09:33:37] main.c [print_log:40] ERROR ：我是测试字符串 张鹏,第 9次打印，我是线程thread-B
[16-10-28 09:33:37] main.c [print_log:41] DEBUG ：我是测试字符串 灿灿,第 9次打印，我是线程thread-B
[16-10-28 09:33:37] main.c [print_log:42] INFO  ：我是测试字符串 何敏,第 5次打印，我是线程thread-N
[16-10-28 09:33:37] main.c [print_log:43] FATAL ：我是测试字符串 小华,第 5次打印，我是线程thread-N
[16-10-28 09:33:37] main.c [print_log:43] FATAL ：我是测试字符串 小华,第 1次打印，我是线程thread-M
[16-10-28 09:33:37] main.c [print_log:41] DEBUG ：我是测试字符串 灿灿,第 7次打印，我是线程thread-S
[16-10-28 09:33:37] main.c [print_log:42] INFO  ：我是测试字符串 何敏,第 7次打印，我是线程thread-S
[16-10-28 09:33:37] main.c [print_log:40] ERROR ：我是测试字符串 张鹏,第 7次打印，我是线程thread-J
[16-10-28 09:33:37] main.c [print_log:42] INFO  ：我是测试字符串 何敏,第 7次打印，我是线程thread-K
[16-10-28 09:33:37] main.c [print_log:43] FATAL ：我是测试字符串 小华,第 7次打印，我是线程thread-K
[16-10-28 09:33:37] main.c [print_log:44] WARN  ：我是测试字符串 小玲,第 7次打印，我是线程thread-K
[16-10-28 09:33:37] main.c [print_log:40] ERROR ：我是测试字符串 张鹏,第 8次打印，我是线程thread-K
[16-10-28 09:33:37] main.c [print_log:41] DEBUG ：我是测试字符串 灿灿,第 8次打印，我是线程thread-K
[16-10-28 09:33:37] main.c [print_log:42] INFO  ：我是测试字符串 何敏,第 8次打印，我是线程thread-K
[16-10-28 09:33:37] main.c [print_log:43] FATAL ：我是测试字符串 小华,第 8次打印，我是线程thread-K
[16-10-28 09:33:37] main.c [print_log:44] WARN  ：我是测试字符串 小玲,第 8次打印，我是线程thread-K
[16-10-28 09:33:37] main.c [print_log:40] ERROR ：我是测试字符串 张鹏,第 9次打印，我是线程thread-K
[16-10-28 09:33:37] main.c [print_log:41] DEBUG ：我是测试字符串 灿灿,第 9次打印，我是线程thread-K
[16-10-28 09:33:37] main.c [print_log:42] INFO  ：我是测试字符串 何敏,第 9次打印，我是线程thread-K
[16-10-28 09:33:37] main.c [print_log:43] FATAL ：我是测试字符串 小华,第 9次打印，我是线程thread-K
[16-10-28 09:33:37] main.c [print_log:44] WARN  ：我是测试字符串 小玲,第 9次打印，我是线程thread-K
[16-10-28 09:33:37] main.c [print_log:42] INFO  ：我是测试字符串 何敏,第 9次打印，我是线程thread-B
[16-10-28 09:33:37] main.c [print_log:42] INFO  ：我是测试字符串 何敏,第 3次打印，我是线程thread-R
[16-10-28 09:33:37] main.c [print_log:44] WARN  ：我是测试字符串 小玲,第 5次打印，我是线程thread-N
[16-10-28 09:33:37] main.c [print_log:40] ERROR ：我是测试字符串 张鹏,第 6次打印，我是线程thread-N
[16-10-28 09:33:37] main.c [print_log:41] DEBUG ：我是测试字符串 灿灿,第 6次打印，我是线程thread-N
[16-10-28 09:33:37] main.c [print_log:42] INFO  ：我是测试字符串 何敏,第 6次打印，我是线程thread-N
[16-10-28 09:33:37] main.c [print_log:43] FATAL ：我是测试字符串 小华,第 6次打印，我是线程thread-N
[16-10-28 09:33:37] main.c [print_log:44] WARN  ：我是测试字符串 小玲,第 6次打印，我是线程thread-N
[16-10-28 09:33:37] main.c [print_log:40] ERROR ：我是测试字符串 张鹏,第 7次打印，我是线程thread-N
[16-10-28 09:33:37] main.c [print_log:41] DEBUG ：我是测试字符串 灿灿,第 7次打印，我是线程thread-N
[16-10-28 09:33:37] main.c [print_log:42] INFO  ：我是测试字符串 何敏,第 7次打印，我是线程thread-N
[16-10-28 09:33:37] main.c [print_log:43] FATAL ：我是测试字符串 小华,第 7次打印，我是线程thread-N
[16-10-28 09:33:37] main.c [print_log:44] WARN  ：我是测试字符串 小玲,第 7次打印，我是线程thread-N
[16-10-28 09:33:37] main.c [print_log:40] ERROR ：我是测试字符串 张鹏,第 8次打印，我是线程thread-N
[16-10-28 09:33:37] main.c [print_log:41] DEBUG ：我是测试字符串 灿灿,第 8次打印，我是线程thread-N
[16-10-28 09:33:37] main.c [print_log:42] INFO  ：我是测试字符串 何敏,第 8次打印，我是线程thread-N
[16-10-28 09:33:37] main.c [print_log:43] FATAL ：我是测试字符串 小华,第 8次打印，我是线程thread-N
[16-10-28 09:33:37] main.c [print_log:44] WARN  ：我是测试字符串 小玲,第 8次打印，我是线程thread-N
[16-10-28 09:33:37] main.c [print_log:40] ERROR ：我是测试字符串 张鹏,第 9次打印，我是线程thread-N
[16-10-28 09:33:37] main.c [print_log:41] DEBUG ：我是测试字符串 灿灿,第 9次打印，我是线程thread-N
[16-10-28 09:33:37] main.c [print_log:42] INFO  ：我是测试字符串 何敏,第 9次打印，我是线程thread-N
[16-10-28 09:33:37] main.c [print_log:43] FATAL ：我是测试字符串 小华,第 9次打印，我是线程thread-N
[16-10-28 09:33:37] main.c [print_log:44] WARN  ：我是测试字符串 小玲,第 9次打印，我是线程thread-N
[16-10-28 09:33:37] main.c [print_log:44] WARN  ：我是测试字符串 小玲,第 1次打印，我是线程thread-M
[16-10-28 09:33:37] main.c [print_log:40] ERROR ：我是测试字符串 张鹏,第 2次打印，我是线程thread-M
[16-10-28 09:33:37] main.c [print_log:43] FATAL ：我是测试字符串 小华,第 7次打印，我是线程thread-S
[16-10-28 09:33:37] main.c [print_log:41] DEBUG ：我是测试字符串 灿灿,第 7次打印，我是线程thread-J
[16-10-28 09:33:37] main.c [print_log:42] INFO  ：我是测试字符串 何敏,第 7次打印，我是线程thread-J
[16-10-28 09:33:37] main.c [print_log:43] FATAL ：我是测试字符串 小华,第 7次打印，我是线程thread-J
[16-10-28 09:33:37] main.c [print_log:44] WARN  ：我是测试字符串 小玲,第 7次打印，我是线程thread-J
[16-10-28 09:33:37] main.c [print_log:40] ERROR ：我是测试字符串 张鹏,第 8次打印，我是线程thread-J
[16-10-28 09:33:37] main.c [print_log:41] DEBUG ：我是测试字符串 灿灿,第 8次打印，我是线程thread-J
[16-10-28 09:33:37] main.c [print_log:42] INFO  ：我是测试字符串 何敏,第 8次打印，我是线程thread-J
[16-10-28 09:33:37] main.c [print_log:43] FATAL ：我是测试字符串 小华,第 8次打印，我是线程thread-J
[16-10-28 09:33:37] main.c [print_log:44] WARN  ：我是测试字符串 小玲,第 8次打印，我是线程thread-J
[16-10-28 09:33:37] main.c [print_log:40] ERROR ：我是测试字符串 张鹏,第 9次打印，我是线程thread-J
[16-10-28 09:33:37] main.c [print_log:40] ERROR ：我是测试字符串 张鹏,第 5次打印，我是线程thread-L
[16-10-28 09:33:37] main.c [print_log:40] ERROR ：我是测试字符串 张鹏,第 8次打印，我是线程thread-O
[16-10-28 09:33:37] main.c [print_log:41] DEBUG ：我是测试字符串 灿灿,第 8次打印，我是线程thread-O
[16-10-28 09:33:37] main.c [print_log:43] FATAL ：我是测试字符串 小华,第 9次打印，我是线程thread-B
[16-10-28 09:33:37] main.c [print_log:44] WARN  ：我是测试字符串 小玲,第 9次打印，我是线程thread-B
[16-10-28 09:33:37] main.c [print_log:42] INFO  ：我是测试字符串 何敏,第 0次打印，我是线程thread-P
[16-10-28 09:33:37] main.c [print_log:43] FATAL ：我是测试字符串 小华,第 0次打印，我是线程thread-P
[16-10-28 09:33:37] main.c [print_log:44] WARN  ：我是测试字符串 小玲,第 0次打印，我是线程thread-P
[16-10-28 09:33:37] main.c [print_log:40] ERROR ：我是测试字符串 张鹏,第 1次打印，我是线程thread-P
[16-10-28 09:33:37] main.c [print_log:41] DEBUG ：我是测试字符串 灿灿,第 1次打印，我是线程thread-P
[16-10-28 09:33:37] main.c [print_log:42] INFO  ：我是测试字符串 何敏,第 1次打印，我是线程thread-P
[16-10-28 09:33:37] main.c [print_log:43] FATAL ：我是测试字符串 小华,第 1次打印，我是线程thread-P
[16-10-28 09:33:37] main.c [print_log:44] WARN  ：我是测试字符串 小玲,第 1次打印，我是线程thread-P
[16-10-28 09:33:37] main.c [print_log:40] ERROR ：我是测试字符串 张鹏,第 2次打印，我是线程thread-P
[16-10-28 09:33:37] main.c [print_log:41] DEBUG ：我是测试字符串 灿灿,第 2次打印，我是线程thread-P
[16-10-28 09:33:37] main.c [print_log:42] INFO  ：我是测试字符串 何敏,第 2次打印，我是线程thread-P
[16-10-28 09:33:37] main.c [print_log:43] FATAL ：我是测试字符串 小华,第 2次打印，我是线程thread-P
[16-10-28 09:33:37] main.c [print_log:44] WARN  ：我是测试字符串 小玲,第 2次打印，我是线程thread-P
[16-10-28 09:33:37] main.c [print_log:40] ERROR ：我是测试字符串 张鹏,第 3次打印，我是线程thread-P
[16-10-28 09:33:37] main.c [print_log:41] DEBUG ：我是测试字符串 灿灿,第 3次打印，我是线程thread-P
[16-10-28 09:33:37] main.c [print_log:42] INFO  ：我是测试字符串 何敏,第 3次打印，我是线程thread-P
[16-10-28 09:33:37] main.c [print_log:43] FATAL ：我是测试字符串 小华,第 3次打印，我是线程thread-P
[16-10-28 09:33:37] main.c [print_log:44] WARN  ：我是测试字符串 小玲,第 3次打印，我是线程thread-P
[16-10-28 09:33:37] main.c [print_log:40] ERROR ：我是测试字符串 张鹏,第 4次打印，我是线程thread-P
[16-10-28 09:33:37] main.c [print_log:41] DEBUG ：我是测试字符串 灿灿,第 4次打印，我是线程thread-P
[16-10-28 09:33:37] main.c [print_log:42] INFO  ：我是测试字符串 何敏,第 4次打印，我是线程thread-P
[16-10-28 09:33:37] main.c [print_log:43] FATAL ：我是测试字符串 小华,第 4次打印，我是线程thread-P
[16-10-28 09:33:37] main.c [print_log:44] WARN  ：我是测试字符串 小玲,第 4次打印，我是线程thread-P
[16-10-28 09:33:37] main.c [print_log:40] ERROR ：我是测试字符串 张鹏,第 5次打印，我是线程thread-P
[16-10-28 09:33:37] main.c [print_log:41] DEBUG ：我是测试字符串 灿灿,第 5次打印，我是线程thread-P
[16-10-28 09:33:37] main.c [print_log:42] INFO  ：我是测试字符串 何敏,第 5次打印，我是线程thread-P
[16-10-28 09:33:37] main.c [print_log:43] FATAL ：我是测试字符串 小华,第 5次打印，我是线程thread-P
[16-10-28 09:33:37] main.c [print_log:44] WARN  ：我是测试字符串 小玲,第 5次打印，我是线程thread-P
[16-10-28 09:33:37] main.c [print_log:40] ERROR ：我是测试字符串 张鹏,第 6次打印，我是线程thread-P
[16-10-28 09:33:37] main.c [print_log:41] DEBUG ：我是测试字符串 灿灿,第 5次打印，我是线程thread-L
[16-10-28 09:33:37] main.c [print_log:44] WARN  ：我是测试字符串 小玲,第 1次打印，我是线程thread-D
[16-10-28 09:33:37] main.c [print_log:42] INFO  ：我是测试字符串 何敏,第 8次打印，我是线程thread-O
[16-10-28 09:33:37] main.c [print_log:43] FATAL ：我是测试字符串 小华,第 8次打印，我是线程thread-O
[16-10-28 09:33:37] main.c [print_log:44] WARN  ：我是测试字符串 小玲,第 8次打印，我是线程thread-O
[16-10-28 09:33:37] main.c [print_log:40] ERROR ：我是测试字符串 张鹏,第 9次打印，我是线程thread-O
[16-10-28 09:33:37] main.c [print_log:41] DEBUG ：我是测试字符串 灿灿,第 9次打印，我是线程thread-O
[16-10-28 09:33:37] main.c [print_log:42] INFO  ：我是测试字符串 何敏,第 9次打印，我是线程thread-O
[16-10-28 09:33:37] main.c [print_log:43] FATAL ：我是测试字符串 小华,第 9次打印，我是线程thread-O
[16-10-28 09:33:37] main.c [print_log:44] WARN  ：我是测试字符串 小玲,第 9次打印，我是线程thread-O
[16-10-28 09:33:37] main.c [print_log:41] DEBUG ：我是测试字符串 灿灿,第 2次打印，我是线程thread-H
[16-10-28 09:33:37] main.c [print_log:42] INFO  ：我是测试字符串 何敏,第 2次打印，我是线程thread-H
[16-10-28 09:33:37] main.c [print_log:43] FATAL ：我是测试字符串 小华,第 2次打印，我是线程thread-H
[16-10-28 09:33:37] main.c [print_log:44] WARN  ：我是测试字符串 小玲,第 2次打印，我是线程thread-H
[16-10-28 09:33:37] main.c [print_log:40] ERROR ：我是测试字符串 张鹏,第 3次打印，我是线程thread-H
[16-10-28 09:33:37] main.c [print_log:41] DEBUG ：我是测试字符串 灿灿,第 3次打印，我是线程thread-H
[16-10-28 09:33:37] main.c [print_log:41] DEBUG ：我是测试字符串 灿灿,第 9次打印，我是线程thread-J
[16-10-28 09:33:37] main.c [print_log:42] INFO  ：我是测试字符串 何敏,第 5次打印，我是线程thread-L
[16-10-28 09:33:37] main.c [print_log:43] FATAL ：我是测试字符串 小华,第 5次打印，我是线程thread-L
[16-10-28 09:33:37] main.c [print_log:44] WARN  ：我是测试字符串 小玲,第 5次打印，我是线程thread-L
[16-10-28 09:33:37] main.c [print_log:40] ERROR ：我是测试字符串 张鹏,第 6次打印，我是线程thread-L
[16-10-28 09:33:37] main.c [print_log:41] DEBUG ：我是测试字符串 灿灿,第 6次打印，我是线程thread-L
[16-10-28 09:33:37] main.c [print_log:42] INFO  ：我是测试字符串 何敏,第 6次打印，我是线程thread-L
[16-10-28 09:33:37] main.c [print_log:43] FATAL ：我是测试字符串 小华,第 6次打印，我是线程thread-L
[16-10-28 09:33:37] main.c [print_log:44] WARN  ：我是测试字符串 小玲,第 6次打印，我是线程thread-L
[16-10-28 09:33:37] main.c [print_log:40] ERROR ：我是测试字符串 张鹏,第 7次打印，我是线程thread-L
[16-10-28 09:33:37] main.c [print_log:41] DEBUG ：我是测试字符串 灿灿,第 7次打印，我是线程thread-L
[16-10-28 09:33:37] main.c [print_log:42] INFO  ：我是测试字符串 何敏,第 7次打印，我是线程thread-L
[16-10-28 09:33:37] main.c [print_log:43] FATAL ：我是测试字符串 小华,第 7次打印，我是线程thread-L
[16-10-28 09:33:37] main.c [print_log:44] WARN  ：我是测试字符串 小玲,第 7次打印，我是线程thread-L
[16-10-28 09:33:37] main.c [print_log:40] ERROR ：我是测试字符串 张鹏,第 8次打印，我是线程thread-L
[16-10-28 09:33:37] main.c [print_log:41] DEBUG ：我是测试字符串 灿灿,第 8次打印，我是线程thread-L
[16-10-28 09:33:37] main.c [print_log:41] DEBUG ：我是测试字符串 灿灿,第 6次打印，我是线程thread-P
[16-10-28 09:33:37] main.c [print_log:42] INFO  ：我是测试字符串 何敏,第 6次打印，我是线程thread-P
[16-10-28 09:33:37] main.c [print_log:43] FATAL ：我是测试字符串 小华,第 3次打印，我是线程thread-R
[16-10-28 09:33:37] main.c [print_log:41] DEBUG ：我是测试字符串 灿灿,第 2次打印，我是线程thread-M
[16-10-28 09:33:37] main.c [print_log:44] WARN  ：我是测试字符串 小玲,第 7次打印，我是线程thread-S
[16-10-28 09:33:37] main.c [print_log:42] INFO  ：我是测试字符串 何敏,第 4次打印，我是线程thread-C
[16-10-28 09:33:37] main.c [print_log:42] INFO  ：我是测试字符串 何敏,第 2次打印，我是线程thread-F
[16-10-28 09:33:37] main.c [print_log:43] FATAL ：我是测试字符串 小华,第 2次打印，我是线程thread-F
[16-10-28 09:33:37] main.c [print_log:44] WARN  ：我是测试字符串 小玲,第 2次打印，我是线程thread-F
[16-10-28 09:33:37] main.c [print_log:40] ERROR ：我是测试字符串 张鹏,第 3次打印，我是线程thread-F
[16-10-28 09:33:37] main.c [print_log:41] DEBUG ：我是测试字符串 灿灿,第 3次打印，我是线程thread-F
[16-10-28 09:33:37] main.c [print_log:42] INFO  ：我是测试字符串 何敏,第 3次打印，我是线程thread-F
[16-10-28 09:33:37] main.c [print_log:43] FATAL ：我是测试字符串 小华,第 3次打印，我是线程thread-F
[16-10-28 09:33:37] main.c [print_log:44] WARN  ：我是测试字符串 小玲,第 3次打印，我是线程thread-F
[16-10-28 09:33:37] main.c [print_log:40] ERROR ：我是测试字符串 张鹏,第 4次打印，我是线程thread-F
[16-10-28 09:33:37] main.c [print_log:41] DEBUG ：我是测试字符串 灿灿,第 4次打印，我是线程thread-F
[16-10-28 09:33:37] main.c [print_log:42] INFO  ：我是测试字符串 何敏,第 4次打印，我是线程thread-F
[16-10-28 09:33:37] main.c [print_log:43] FATAL ：我是测试字符串 小华,第 4次打印，我是线程thread-F
[16-10-28 09:33:37] main.c [print_log:44] WARN  ：我是测试字符串 小玲,第 3次打印，我是线程thread-R
[16-10-28 09:33:37] main.c [print_log:40] ERROR ：我是测试字符串 张鹏,第 4次打印，我是线程thread-R
[16-10-28 09:33:37] main.c [print_log:41] DEBUG ：我是测试字符串 灿灿,第 4次打印，我是线程thread-R
[16-10-28 09:33:37] main.c [print_log:42] INFO  ：我是测试字符串 何敏,第 4次打印，我是线程thread-R
[16-10-28 09:33:37] main.c [print_log:43] FATAL ：我是测试字符串 小华,第 4次打印，我是线程thread-C
[16-10-28 09:33:37] main.c [print_log:43] FATAL ：我是测试字符串 小华,第 4次打印，我是线程thread-R
[16-10-28 09:33:37] main.c [print_log:44] WARN  ：我是测试字符串 小玲,第 4次打印，我是线程thread-C
[16-10-28 09:33:37] main.c [print_log:44] WARN  ：我是测试字符串 小玲,第 4次打印，我是线程thread-R
[16-10-28 09:33:37] main.c [print_log:40] ERROR ：我是测试字符串 张鹏,第 5次打印，我是线程thread-R
[16-10-28 09:33:37] main.c [print_log:41] DEBUG ：我是测试字符串 灿灿,第 5次打印，我是线程thread-R
[16-10-28 09:33:37] main.c [print_log:42] INFO  ：我是测试字符串 何敏,第 5次打印，我是线程thread-R
[16-10-28 09:33:37] main.c [print_log:43] FATAL ：我是测试字符串 小华,第 5次打印，我是线程thread-R
[16-10-28 09:33:37] main.c [print_log:42] INFO  ：我是测试字符串 何敏,第 9次打印，我是线程thread-J
[16-10-28 09:33:37] main.c [print_log:43] FATAL ：我是测试字符串 小华,第 9次打印，我是线程thread-J
[16-10-28 09:33:37] main.c [print_log:44] WARN  ：我是测试字符串 小玲,第 9次打印，我是线程thread-J
[16-10-28 09:33:37] main.c [print_log:44] WARN  ：我是测试字符串 小玲,第 4次打印，我是线程thread-F
[16-10-28 09:33:37] main.c [print_log:40] ERROR ：我是测试字符串 张鹏,第 5次打印，我是线程thread-F
[16-10-28 09:33:37] main.c [print_log:41] DEBUG ：我是测试字符串 灿灿,第 5次打印，我是线程thread-F
[16-10-28 09:33:37] main.c [print_log:44] WARN  ：我是测试字符串 小玲,第 4次打印，我是线程thread-Q
[16-10-28 09:33:37] main.c [print_log:40] ERROR ：我是测试字符串 张鹏,第 1次打印，我是线程thread-E
[16-10-28 09:33:37] main.c [print_log:41] DEBUG ：我是测试字符串 灿灿,第 1次打印，我是线程thread-E
[16-10-28 09:33:37] main.c [print_log:40] ERROR ：我是测试字符串 张鹏,第 5次打印，我是线程thread-C
[16-10-28 09:33:37] main.c [print_log:41] DEBUG ：我是测试字符串 灿灿,第 5次打印，我是线程thread-C
[16-10-28 09:33:37] main.c [print_log:42] INFO  ：我是测试字符串 何敏,第 3次打印，我是线程thread-A
[16-10-28 09:33:37] main.c [print_log:43] FATAL ：我是测试字符串 小华,第 3次打印，我是线程thread-A
[16-10-28 09:33:37] main.c [print_log:44] WARN  ：我是测试字符串 小玲,第 3次打印，我是线程thread-A
[16-10-28 09:33:37] main.c [print_log:40] ERROR ：我是测试字符串 张鹏,第 4次打印，我是线程thread-A
[16-10-28 09:33:37] main.c [print_log:41] DEBUG ：我是测试字符串 灿灿,第 4次打印，我是线程thread-A
[16-10-28 09:33:37] main.c [print_log:42] INFO  ：我是测试字符串 何敏,第 4次打印，我是线程thread-A
[16-10-28 09:33:37] main.c [print_log:43] FATAL ：我是测试字符串 小华,第 6次打印，我是线程thread-P
[16-10-28 09:33:37] main.c [print_log:44] WARN  ：我是测试字符串 小玲,第 6次打印，我是线程thread-P
[16-10-28 09:33:37] main.c [print_log:40] ERROR ：我是测试字符串 张鹏,第 7次打印，我是线程thread-P
[16-10-28 09:33:37] main.c [print_log:42] INFO  ：我是测试字符串 何敏,第 5次打印，我是线程thread-F
[16-10-28 09:33:37] main.c [print_log:43] FATAL ：我是测试字符串 小华,第 5次打印，我是线程thread-F
[16-10-28 09:33:37] main.c [print_log:44] WARN  ：我是测试字符串 小玲,第 5次打印，我是线程thread-F
[16-10-28 09:33:37] main.c [print_log:40] ERROR ：我是测试字符串 张鹏,第 6次打印，我是线程thread-F
[16-10-28 09:33:37] main.c [print_log:41] DEBUG ：我是测试字符串 灿灿,第 6次打印，我是线程thread-F
[16-10-28 09:33:37] main.c [print_log:42] INFO  ：我是测试字符串 何敏,第 5次打印，我是线程thread-C
[16-10-28 09:33:37] main.c [print_log:43] FATAL ：我是测试字符串 小华,第 5次打印，我是线程thread-C
[16-10-28 09:33:37] main.c [print_log:44] WARN  ：我是测试字符串 小玲,第 5次打印，我是线程thread-C
[16-10-28 09:33:37] main.c [print_log:40] ERROR ：我是测试字符串 张鹏,第 6次打印，我是线程thread-C
[16-10-28 09:33:37] main.c [print_log:41] DEBUG ：我是测试字符串 灿灿,第 6次打印，我是线程thread-C
[16-10-28 09:33:37] main.c [print_log:42] INFO  ：我是测试字符串 何敏,第 6次打印，我是线程thread-C
[16-10-28 09:33:37] main.c [print_log:43] FATAL ：我是测试字符串 小华,第 4次打印，我是线程thread-A
[16-10-28 09:33:37] main.c [print_log:44] WARN  ：我是测试字符串 小玲,第 4次打印，我是线程thread-A
[16-10-28 09:33:37] main.c [print_log:40] ERROR ：我是测试字符串 张鹏,第 5次打印，我是线程thread-A
[16-10-28 09:33:37] main.c [print_log:41] DEBUG ：我是测试字符串 灿灿,第 7次打印，我是线程thread-P
[16-10-28 09:33:37] main.c [print_log:42] INFO  ：我是测试字符串 何敏,第 7次打印，我是线程thread-P
[16-10-28 09:33:37] main.c [print_log:43] FATAL ：我是测试字符串 小华,第 7次打印，我是线程thread-P
[16-10-28 09:33:37] main.c [print_log:44] WARN  ：我是测试字符串 小玲,第 7次打印，我是线程thread-P
[16-10-28 09:33:37] main.c [print_log:40] ERROR ：我是测试字符串 张鹏,第 8次打印，我是线程thread-P
[16-10-28 09:33:37] main.c [print_log:42] INFO  ：我是测试字符串 何敏,第 6次打印，我是线程thread-F
[16-10-28 09:33:37] main.c [print_log:41] DEBUG ：我是测试字符串 灿灿,第 1次打印，我是线程thread-T
[16-10-28 09:33:37] main.c [print_log:42] INFO  ：我是测试字符串 何敏,第 3次打印，我是线程thread-H
[16-10-28 09:33:37] main.c [print_log:43] FATAL ：我是测试字符串 小华,第 3次打印，我是线程thread-H
[16-10-28 09:33:37] main.c [print_log:44] WARN  ：我是测试字符串 小玲,第 3次打印，我是线程thread-H
[16-10-28 09:33:37] main.c [print_log:40] ERROR ：我是测试字符串 张鹏,第 4次打印，我是线程thread-H
[16-10-28 09:33:37] main.c [print_log:43] FATAL ：我是测试字符串 小华,第 6次打印，我是线程thread-C
[16-10-28 09:33:37] main.c [print_log:44] WARN  ：我是测试字符串 小玲,第 6次打印，我是线程thread-C
[16-10-28 09:33:37] main.c [print_log:40] ERROR ：我是测试字符串 张鹏,第 7次打印，我是线程thread-C
[16-10-28 09:33:37] main.c [print_log:41] DEBUG ：我是测试字符串 灿灿,第 5次打印，我是线程thread-A
[16-10-28 09:33:37] main.c [print_log:42] INFO  ：我是测试字符串 何敏,第 5次打印，我是线程thread-A
[16-10-28 09:33:37] main.c [print_log:43] FATAL ：我是测试字符串 小华,第 5次打印，我是线程thread-A
[16-10-28 09:33:37] main.c [print_log:44] WARN  ：我是测试字符串 小玲,第 5次打印，我是线程thread-A
[16-10-28 09:33:37] main.c [print_log:41] DEBUG ：我是测试字符串 灿灿,第 3次打印，我是线程thread-G
[16-10-28 09:33:37] main.c [print_log:41] DEBUG ：我是测试字符串 灿灿,第 8次打印，我是线程thread-P
[16-10-28 09:33:37] main.c [print_log:43] FATAL ：我是测试字符串 小华,第 6次打印，我是线程thread-F
[16-10-28 09:33:37] main.c [print_log:44] WARN  ：我是测试字符串 小玲,第 6次打印，我是线程thread-F
[16-10-28 09:33:37] main.c [print_log:40] ERROR ：我是测试字符串 张鹏,第 7次打印，我是线程thread-F
[16-10-28 09:33:37] main.c [print_log:41] DEBUG ：我是测试字符串 灿灿,第 7次打印，我是线程thread-F
[16-10-28 09:33:37] main.c [print_log:42] INFO  ：我是测试字符串 何敏,第 7次打印，我是线程thread-F
[16-10-28 09:33:37] main.c [print_log:43] FATAL ：我是测试字符串 小华,第 7次打印，我是线程thread-F
[16-10-28 09:33:37] main.c [print_log:44] WARN  ：我是测试字符串 小玲,第 7次打印，我是线程thread-F
[16-10-28 09:33:37] main.c [print_log:40] ERROR ：我是测试字符串 张鹏,第 8次打印，我是线程thread-F
[16-10-28 09:33:37] main.c [print_log:41] DEBUG ：我是测试字符串 灿灿,第 7次打印，我是线程thread-C
[16-10-28 09:33:37] main.c [print_log:42] INFO  ：我是测试字符串 何敏,第 7次打印，我是线程thread-C
[16-10-28 09:33:37] main.c [print_log:43] FATAL ：我是测试字符串 小华,第 7次打印，我是线程thread-C
[16-10-28 09:33:37] main.c [print_log:44] WARN  ：我是测试字符串 小玲,第 7次打印，我是线程thread-C
[16-10-28 09:33:37] main.c [print_log:40] ERROR ：我是测试字符串 张鹏,第 6次打印，我是线程thread-A
[16-10-28 09:33:37] main.c [print_log:41] DEBUG ：我是测试字符串 灿灿,第 6次打印，我是线程thread-A
[16-10-28 09:33:37] main.c [print_log:42] INFO  ：我是测试字符串 何敏,第 8次打印，我是线程thread-P
[16-10-28 09:33:37] main.c [print_log:43] FATAL ：我是测试字符串 小华,第 8次打印，我是线程thread-P
[16-10-28 09:33:37] main.c [print_log:44] WARN  ：我是测试字符串 小玲,第 8次打印，我是线程thread-P
[16-10-28 09:33:37] main.c [print_log:40] ERROR ：我是测试字符串 张鹏,第 9次打印，我是线程thread-P
[16-10-28 09:33:37] main.c [print_log:41] DEBUG ：我是测试字符串 灿灿,第 9次打印，我是线程thread-P
[16-10-28 09:33:37] main.c [print_log:42] INFO  ：我是测试字符串 何敏,第 9次打印，我是线程thread-P
[16-10-28 09:33:37] main.c [print_log:42] INFO  ：我是测试字符串 何敏,第 2次打印，我是线程thread-M
[16-10-28 09:33:37] main.c [print_log:40] ERROR ：我是测试字符串 张鹏,第 8次打印，我是线程thread-S
[16-10-28 09:33:37] main.c [print_log:41] DEBUG ：我是测试字符串 灿灿,第 8次打印，我是线程thread-F
[16-10-28 09:33:37] main.c [print_log:42] INFO  ：我是测试字符串 何敏,第 8次打印，我是线程thread-F
[16-10-28 09:33:37] main.c [print_log:43] FATAL ：我是测试字符串 小华,第 8次打印，我是线程thread-F
[16-10-28 09:33:37] main.c [print_log:44] WARN  ：我是测试字符串 小玲,第 8次打印，我是线程thread-F
[16-10-28 09:33:37] main.c [print_log:40] ERROR ：我是测试字符串 张鹏,第 9次打印，我是线程thread-F
[16-10-28 09:33:37] main.c [print_log:41] DEBUG ：我是测试字符串 灿灿,第 9次打印，我是线程thread-F
[16-10-28 09:33:37] main.c [print_log:42] INFO  ：我是测试字符串 何敏,第 6次打印，我是线程thread-A
[16-10-28 09:33:37] main.c [print_log:43] FATAL ：我是测试字符串 小华,第 6次打印，我是线程thread-A
[16-10-28 09:33:37] main.c [print_log:44] WARN  ：我是测试字符串 小玲,第 6次打印，我是线程thread-A
[16-10-28 09:33:37] main.c [print_log:40] ERROR ：我是测试字符串 张鹏,第 7次打印，我是线程thread-A
[16-10-28 09:33:37] main.c [print_log:41] DEBUG ：我是测试字符串 灿灿,第 7次打印，我是线程thread-A
[16-10-28 09:33:37] main.c [print_log:42] INFO  ：我是测试字符串 何敏,第 7次打印，我是线程thread-A
[16-10-28 09:33:37] main.c [print_log:43] FATAL ：我是测试字符串 小华,第 9次打印，我是线程thread-P
[16-10-28 09:33:37] main.c [print_log:44] WARN  ：我是测试字符串 小玲,第 9次打印，我是线程thread-P
[16-10-28 09:33:37] main.c [print_log:41] DEBUG ：我是测试字符串 灿灿,第 8次打印，我是线程thread-S
[16-10-28 09:33:37] main.c [print_log:40] ERROR ：我是测试字符串 张鹏,第 5次打印，我是线程thread-Q
[16-10-28 09:33:37] main.c [print_log:41] DEBUG ：我是测试字符串 灿灿,第 5次打印，我是线程thread-I
[16-10-28 09:33:37] main.c [print_log:42] INFO  ：我是测试字符串 何敏,第 5次打印，我是线程thread-I
[16-10-28 09:33:37] main.c [print_log:43] FATAL ：我是测试字符串 小华,第 5次打印，我是线程thread-I
[16-10-28 09:33:37] main.c [print_log:42] INFO  ：我是测试字符串 何敏,第 3次打印，我是线程thread-G
[16-10-28 09:33:37] main.c [print_log:43] FATAL ：我是测试字符串 小华,第 3次打印，我是线程thread-G
[16-10-28 09:33:37] main.c [print_log:42] INFO  ：我是测试字符串 何敏,第 1次打印，我是线程thread-T
[16-10-28 09:33:37] main.c [print_log:43] FATAL ：我是测试字符串 小华,第 1次打印，我是线程thread-T
[16-10-28 09:33:37] main.c [print_log:44] WARN  ：我是测试字符串 小玲,第 1次打印，我是线程thread-T
[16-10-28 09:33:37] main.c [print_log:40] ERROR ：我是测试字符串 张鹏,第 2次打印，我是线程thread-T
[16-10-28 09:33:37] main.c [print_log:41] DEBUG ：我是测试字符串 灿灿,第 2次打印，我是线程thread-T
[16-10-28 09:33:37] main.c [print_log:42] INFO  ：我是测试字符串 何敏,第 2次打印，我是线程thread-T
[16-10-28 09:33:37] main.c [print_log:43] FATAL ：我是测试字符串 小华,第 2次打印，我是线程thread-T
[16-10-28 09:33:37] main.c [print_log:44] WARN  ：我是测试字符串 小玲,第 2次打印，我是线程thread-T
[16-10-28 09:33:37] main.c [print_log:41] DEBUG ：我是测试字符串 灿灿,第 5次打印，我是线程thread-Q
[16-10-28 09:33:37] main.c [print_log:42] INFO  ：我是测试字符串 何敏,第 5次打印，我是线程thread-Q
[16-10-28 09:33:37] main.c [print_log:43] FATAL ：我是测试字符串 小华,第 5次打印，我是线程thread-Q
[16-10-28 09:33:37] main.c [print_log:44] WARN  ：我是测试字符串 小玲,第 5次打印，我是线程thread-I
[16-10-28 09:33:37] main.c [print_log:42] INFO  ：我是测试字符串 何敏,第 9次打印，我是线程thread-F
[16-10-28 09:33:37] main.c [print_log:44] WARN  ：我是测试字符串 小玲,第 3次打印，我是线程thread-G
[16-10-28 09:33:37] main.c [print_log:40] ERROR ：我是测试字符串 张鹏,第 4次打印，我是线程thread-G
[16-10-28 09:33:37] main.c [print_log:41] DEBUG ：我是测试字符串 灿灿,第 4次打印，我是线程thread-G
[16-10-28 09:33:37] main.c [print_log:42] INFO  ：我是测试字符串 何敏,第 4次打印，我是线程thread-G
[16-10-28 09:33:37] main.c [print_log:43] FATAL ：我是测试字符串 小华,第 4次打印，我是线程thread-G
[16-10-28 09:33:37] main.c [print_log:44] WARN  ：我是测试字符串 小玲,第 4次打印，我是线程thread-G
[16-10-28 09:33:37] main.c [print_log:40] ERROR ：我是测试字符串 张鹏,第 5次打印，我是线程thread-G
[16-10-28 09:33:37] main.c [print_log:41] DEBUG ：我是测试字符串 灿灿,第 5次打印，我是线程thread-G
[16-10-28 09:33:37] main.c [print_log:40] ERROR ：我是测试字符串 张鹏,第 3次打印，我是线程thread-T
[16-10-28 09:33:37] main.c [print_log:41] DEBUG ：我是测试字符串 灿灿,第 3次打印，我是线程thread-T
[16-10-28 09:33:37] main.c [print_log:42] INFO  ：我是测试字符串 何敏,第 3次打印，我是线程thread-T
[16-10-28 09:33:37] main.c [print_log:44] WARN  ：我是测试字符串 小玲,第 5次打印，我是线程thread-Q
[16-10-28 09:33:37] main.c [print_log:40] ERROR ：我是测试字符串 张鹏,第 6次打印，我是线程thread-I
[16-10-28 09:33:37] main.c [print_log:41] DEBUG ：我是测试字符串 灿灿,第 6次打印，我是线程thread-I
[16-10-28 09:33:37] main.c [print_log:42] INFO  ：我是测试字符串 何敏,第 6次打印，我是线程thread-I
[16-10-28 09:33:37] main.c [print_log:43] FATAL ：我是测试字符串 小华,第 6次打印，我是线程thread-I
[16-10-28 09:33:37] main.c [print_log:44] WARN  ：我是测试字符串 小玲,第 6次打印，我是线程thread-I
[16-10-28 09:33:37] main.c [print_log:40] ERROR ：我是测试字符串 张鹏,第 7次打印，我是线程thread-I
[16-10-28 09:33:37] main.c [print_log:41] DEBUG ：我是测试字符串 灿灿,第 7次打印，我是线程thread-I
[16-10-28 09:33:37] main.c [print_log:42] INFO  ：我是测试字符串 何敏,第 7次打印，我是线程thread-I
[16-10-28 09:33:37] main.c [print_log:43] FATAL ：我是测试字符串 小华,第 7次打印，我是线程thread-I
[16-10-28 09:33:37] main.c [print_log:42] INFO  ：我是测试字符串 何敏,第 5次打印，我是线程thread-G
[16-10-28 09:33:37] main.c [print_log:43] FATAL ：我是测试字符串 小华,第 5次打印，我是线程thread-G
[16-10-28 09:33:37] main.c [print_log:44] WARN  ：我是测试字符串 小玲,第 5次打印，我是线程thread-G
[16-10-28 09:33:37] main.c [print_log:43] FATAL ：我是测试字符串 小华,第 3次打印，我是线程thread-T
[16-10-28 09:33:37] main.c [print_log:40] ERROR ：我是测试字符串 张鹏,第 6次打印，我是线程thread-Q
[16-10-28 09:33:37] main.c [print_log:41] DEBUG ：我是测试字符串 灿灿,第 6次打印，我是线程thread-Q
[16-10-28 09:33:37] main.c [print_log:42] INFO  ：我是测试字符串 何敏,第 6次打印，我是线程thread-Q
[16-10-28 09:33:37] main.c [print_log:43] FATAL ：我是测试字符串 小华,第 6次打印，我是线程thread-Q
[16-10-28 09:33:37] main.c [print_log:44] WARN  ：我是测试字符串 小玲,第 6次打印，我是线程thread-Q
[16-10-28 09:33:37] main.c [print_log:40] ERROR ：我是测试字符串 张鹏,第 7次打印，我是线程thread-Q
[16-10-28 09:33:37] main.c [print_log:41] DEBUG ：我是测试字符串 灿灿,第 7次打印，我是线程thread-Q
[16-10-28 09:33:37] main.c [print_log:43] FATAL ：我是测试字符串 小华,第 2次打印，我是线程thread-M
[16-10-28 09:33:37] main.c [print_log:42] INFO  ：我是测试字符串 何敏,第 8次打印，我是线程thread-S
[16-10-28 09:33:37] main.c [print_log:44] WARN  ：我是测试字符串 小玲,第 7次打印，我是线程thread-I
[16-10-28 09:33:37] main.c [print_log:40] ERROR ：我是测试字符串 张鹏,第 8次打印，我是线程thread-I
[16-10-28 09:33:37] main.c [print_log:41] DEBUG ：我是测试字符串 灿灿,第 8次打印，我是线程thread-I
[16-10-28 09:33:37] main.c [print_log:42] INFO  ：我是测试字符串 何敏,第 8次打印，我是线程thread-I
[16-10-28 09:33:37] main.c [print_log:44] WARN  ：我是测试字符串 小玲,第 3次打印，我是线程thread-T
[16-10-28 09:33:37] main.c [print_log:40] ERROR ：我是测试字符串 张鹏,第 4次打印，我是线程thread-T
[16-10-28 09:33:37] main.c [print_log:41] DEBUG ：我是测试字符串 灿灿,第 4次打印，我是线程thread-T
[16-10-28 09:33:37] main.c [print_log:42] INFO  ：我是测试字符串 何敏,第 4次打印，我是线程thread-T
[16-10-28 09:33:37] main.c [print_log:43] FATAL ：我是测试字符串 小华,第 4次打印，我是线程thread-T
[16-10-28 09:33:37] main.c [print_log:44] WARN  ：我是测试字符串 小玲,第 4次打印，我是线程thread-T
[16-10-28 09:33:37] main.c [print_log:40] ERROR ：我是测试字符串 张鹏,第 5次打印，我是线程thread-T
[16-10-28 09:33:37] main.c [print_log:42] INFO  ：我是测试字符串 何敏,第 7次打印，我是线程thread-Q
[16-10-28 09:33:37] main.c [print_log:43] FATAL ：我是测试字符串 小华,第 7次打印，我是线程thread-Q
[16-10-28 09:33:37] main.c [print_log:43] FATAL ：我是测试字符串 小华,第 8次打印，我是线程thread-S
[16-10-28 09:33:37] main.c [print_log:44] WARN  ：我是测试字符串 小玲,第 8次打印，我是线程thread-S
[16-10-28 09:33:37] main.c [print_log:40] ERROR ：我是测试字符串 张鹏,第 9次打印，我是线程thread-S
[16-10-28 09:33:37] main.c [print_log:41] DEBUG ：我是测试字符串 灿灿,第 9次打印，我是线程thread-S
[16-10-28 09:33:37] main.c [print_log:43] FATAL ：我是测试字符串 小华,第 8次打印，我是线程thread-I
[16-10-28 09:33:37] main.c [print_log:44] WARN  ：我是测试字符串 小玲,第 8次打印，我是线程thread-I
[16-10-28 09:33:37] main.c [print_log:40] ERROR ：我是测试字符串 张鹏,第 9次打印，我是线程thread-I
[16-10-28 09:33:37] main.c [print_log:41] DEBUG ：我是测试字符串 灿灿,第 9次打印，我是线程thread-I
[16-10-28 09:33:37] main.c [print_log:42] INFO  ：我是测试字符串 何敏,第 9次打印，我是线程thread-I
[16-10-28 09:33:37] main.c [print_log:43] FATAL ：我是测试字符串 小华,第 9次打印，我是线程thread-I
[16-10-28 09:33:37] main.c [print_log:44] WARN  ：我是测试字符串 小玲,第 9次打印，我是线程thread-I
[16-10-28 09:33:37] main.c [print_log:41] DEBUG ：我是测试字符串 灿灿,第 5次打印，我是线程thread-T
[16-10-28 09:33:37] main.c [print_log:44] WARN  ：我是测试字符串 小玲,第 2次打印，我是线程thread-M
[16-10-28 09:33:37] main.c [print_log:40] ERROR ：我是测试字符串 张鹏,第 3次打印，我是线程thread-M
[16-10-28 09:33:37] main.c [print_log:41] DEBUG ：我是测试字符串 灿灿,第 3次打印，我是线程thread-M
[16-10-28 09:33:37] main.c [print_log:42] INFO  ：我是测试字符串 何敏,第 3次打印，我是线程thread-M
[16-10-28 09:33:37] main.c [print_log:43] FATAL ：我是测试字符串 小华,第 3次打印，我是线程thread-M
[16-10-28 09:33:37] main.c [print_log:44] WARN  ：我是测试字符串 小玲,第 3次打印，我是线程thread-M
[16-10-28 09:33:37] main.c [print_log:43] FATAL ：我是测试字符串 小华,第 9次打印，我是线程thread-F
[16-10-28 09:33:37] main.c [print_log:42] INFO  ：我是测试字符串 何敏,第 8次打印，我是线程thread-L
[16-10-28 09:33:37] main.c [print_log:43] FATAL ：我是测试字符串 小华,第 8次打印，我是线程thread-L
[16-10-28 09:33:37] main.c [print_log:44] WARN  ：我是测试字符串 小玲,第 8次打印，我是线程thread-L
[16-10-28 09:33:37] main.c [print_log:40] ERROR ：我是测试字符串 张鹏,第 9次打印，我是线程thread-L
[16-10-28 09:33:37] main.c [print_log:41] DEBUG ：我是测试字符串 灿灿,第 9次打印，我是线程thread-L
[16-10-28 09:33:37] main.c [print_log:42] INFO  ：我是测试字符串 何敏,第 9次打印，我是线程thread-L
[16-10-28 09:33:37] main.c [print_log:44] WARN  ：我是测试字符串 小玲,第 7次打印，我是线程thread-Q
[16-10-28 09:33:37] main.c [print_log:42] INFO  ：我是测试字符串 何敏,第 1次打印，我是线程thread-E
[16-10-28 09:33:37] main.c [print_log:43] FATAL ：我是测试字符串 小华,第 1次打印，我是线程thread-E
[16-10-28 09:33:37] main.c [print_log:44] WARN  ：我是测试字符串 小玲,第 1次打印，我是线程thread-E
[16-10-28 09:33:37] main.c [print_log:40] ERROR ：我是测试字符串 张鹏,第 2次打印，我是线程thread-E
[16-10-28 09:33:37] main.c [print_log:41] DEBUG ：我是测试字符串 灿灿,第 2次打印，我是线程thread-E
[16-10-28 09:33:37] main.c [print_log:42] INFO  ：我是测试字符串 何敏,第 2次打印，我是线程thread-E
[16-10-28 09:33:37] main.c [print_log:43] FATAL ：我是测试字符串 小华,第 2次打印，我是线程thread-E
[16-10-28 09:33:37] main.c [print_log:44] WARN  ：我是测试字符串 小玲,第 2次打印，我是线程thread-E
[16-10-28 09:33:37] main.c [print_log:40] ERROR ：我是测试字符串 张鹏,第 3次打印，我是线程thread-E
[16-10-28 09:33:37] main.c [print_log:41] DEBUG ：我是测试字符串 灿灿,第 3次打印，我是线程thread-E
[16-10-28 09:33:37] main.c [print_log:42] INFO  ：我是测试字符串 何敏,第 3次打印，我是线程thread-E
[16-10-28 09:33:37] main.c [print_log:43] FATAL ：我是测试字符串 小华,第 3次打印，我是线程thread-E
[16-10-28 09:33:37] main.c [print_log:40] ERROR ：我是测试字符串 张鹏,第 8次打印，我是线程thread-Q
[16-10-28 09:33:37] main.c [print_log:41] DEBUG ：我是测试字符串 灿灿,第 8次打印，我是线程thread-Q
[16-10-28 09:33:37] main.c [print_log:42] INFO  ：我是测试字符串 何敏,第 8次打印，我是线程thread-Q
[16-10-28 09:33:37] main.c [print_log:43] FATAL ：我是测试字符串 小华,第 8次打印，我是线程thread-Q
[16-10-28 09:33:37] main.c [print_log:44] WARN  ：我是测试字符串 小玲,第 8次打印，我是线程thread-Q
[16-10-28 09:33:37] main.c [print_log:40] ERROR ：我是测试字符串 张鹏,第 9次打印，我是线程thread-Q
[16-10-28 09:33:37] main.c [print_log:41] DEBUG ：我是测试字符串 灿灿,第 9次打印，我是线程thread-Q
[16-10-28 09:33:37] main.c [print_log:42] INFO  ：我是测试字符串 何敏,第 9次打印，我是线程thread-Q
[16-10-28 09:33:37] main.c [print_log:43] FATAL ：我是测试字符串 小华,第 9次打印，我是线程thread-Q
[16-10-28 09:33:37] main.c [print_log:44] WARN  ：我是测试字符串 小玲,第 9次打印，我是线程thread-Q
[16-10-28 09:33:37] main.c [print_log:42] INFO  ：我是测试字符串 何敏,第 5次打印，我是线程thread-T
[16-10-28 09:33:37] main.c [print_log:43] FATAL ：我是测试字符串 小华,第 9次打印，我是线程thread-L
[16-10-28 09:33:37] main.c [print_log:44] WARN  ：我是测试字符串 小玲,第 9次打印，我是线程thread-L
[16-10-28 09:33:37] main.c [print_log:40] ERROR ：我是测试字符串 张鹏,第 8次打印，我是线程thread-C
[16-10-28 09:33:37] main.c [print_log:40] ERROR ：我是测试字符串 张鹏,第 6次打印，我是线程thread-G
[16-10-28 09:33:37] main.c [print_log:42] INFO  ：我是测试字符串 何敏,第 9次打印，我是线程thread-S
[16-10-28 09:33:37] main.c [print_log:40] ERROR ：我是测试字符串 张鹏,第 4次打印，我是线程thread-M
[16-10-28 09:33:37] main.c [print_log:41] DEBUG ：我是测试字符串 灿灿,第 4次打印，我是线程thread-M
[16-10-28 09:33:37] main.c [print_log:42] INFO  ：我是测试字符串 何敏,第 4次打印，我是线程thread-M
[16-10-28 09:33:37] main.c [print_log:43] FATAL ：我是测试字符串 小华,第 4次打印，我是线程thread-M
[16-10-28 09:33:37] main.c [print_log:44] WARN  ：我是测试字符串 小玲,第 4次打印，我是线程thread-M
[16-10-28 09:33:37] main.c [print_log:40] ERROR ：我是测试字符串 张鹏,第 5次打印，我是线程thread-M
[16-10-28 09:33:37] main.c [print_log:41] DEBUG ：我是测试字符串 灿灿,第 5次打印，我是线程thread-M
[16-10-28 09:33:37] main.c [print_log:42] INFO  ：我是测试字符串 何敏,第 5次打印，我是线程thread-M
[16-10-28 09:33:37] main.c [print_log:43] FATAL ：我是测试字符串 小华,第 5次打印，我是线程thread-M
[16-10-28 09:33:37] main.c [print_log:44] WARN  ：我是测试字符串 小玲,第 5次打印，我是线程thread-M
[16-10-28 09:33:37] main.c [print_log:40] ERROR ：我是测试字符串 张鹏,第 6次打印，我是线程thread-M
[16-10-28 09:33:37] main.c [print_log:41] DEBUG ：我是测试字符串 灿灿,第 6次打印，我是线程thread-M
[16-10-28 09:33:37] main.c [print_log:42] INFO  ：我是测试字符串 何敏,第 6次打印，我是线程thread-M
[16-10-28 09:33:37] main.c [print_log:43] FATAL ：我是测试字符串 小华,第 6次打印，我是线程thread-M
[16-10-28 09:33:37] main.c [print_log:44] WARN  ：我是测试字符串 小玲,第 6次打印，我是线程thread-M
[16-10-28 09:33:37] main.c [print_log:40] ERROR ：我是测试字符串 张鹏,第 7次打印，我是线程thread-M
[16-10-28 09:33:37] main.c [print_log:41] DEBUG ：我是测试字符串 灿灿,第 7次打印，我是线程thread-M
[16-10-28 09:33:37] main.c [print_log:42] INFO  ：我是测试字符串 何敏,第 7次打印，我是线程thread-M
[16-10-28 09:33:37] main.c [print_log:43] FATAL ：我是测试字符串 小华,第 7次打印，我是线程thread-M
[16-10-28 09:33:37] main.c [print_log:44] WARN  ：我是测试字符串 小玲,第 7次打印，我是线程thread-M
[16-10-28 09:33:37] main.c [print_log:40] ERROR ：我是测试字符串 张鹏,第 8次打印，我是线程thread-M
[16-10-28 09:33:37] main.c [print_log:41] DEBUG ：我是测试字符串 灿灿,第 8次打印，我是线程thread-M
[16-10-28 09:33:37] main.c [print_log:42] INFO  ：我是测试字符串 何敏,第 8次打印，我是线程thread-M
[16-10-28 09:33:37] main.c [print_log:43] FATAL ：我是测试字符串 小华,第 8次打印，我是线程thread-M
[16-10-28 09:33:37] main.c [print_log:44] WARN  ：我是测试字符串 小玲,第 8次打印，我是线程thread-M
[16-10-28 09:33:37] main.c [print_log:40] ERROR ：我是测试字符串 张鹏,第 9次打印，我是线程thread-M
[16-10-28 09:33:37] main.c [print_log:41] DEBUG ：我是测试字符串 灿灿,第 9次打印，我是线程thread-M
[16-10-28 09:33:37] main.c [print_log:42] INFO  ：我是测试字符串 何敏,第 9次打印，我是线程thread-M
[16-10-28 09:33:37] main.c [print_log:43] FATAL ：我是测试字符串 小华,第 9次打印，我是线程thread-M
[16-10-28 09:33:37] main.c [print_log:44] WARN  ：我是测试字符串 小玲,第 9次打印，我是线程thread-M
[16-10-28 09:33:37] main.c [print_log:43] FATAL ：我是测试字符串 小华,第 9次打印，我是线程thread-S
[16-10-28 09:33:37] main.c [print_log:44] WARN  ：我是测试字符串 小玲,第 9次打印，我是线程thread-F
[16-10-28 09:33:37] main.c [print_log:44] WARN  ：我是测试字符串 小玲,第 5次打印，我是线程thread-R
[16-10-28 09:33:37] main.c [print_log:40] ERROR ：我是测试字符串 张鹏,第 2次打印，我是线程thread-D
[16-10-28 09:33:37] main.c [print_log:41] DEBUG ：我是测试字符串 灿灿,第 2次打印，我是线程thread-D
[16-10-28 09:33:37] main.c [print_log:41] DEBUG ：我是测试字符串 灿灿,第 4次打印，我是线程thread-H
[16-10-28 09:33:37] main.c [print_log:43] FATAL ：我是测试字符串 小华,第 7次打印，我是线程thread-A
[16-10-28 09:33:37] main.c [print_log:43] FATAL ：我是测试字符串 小华,第 5次打印，我是线程thread-T
[16-10-28 09:33:37] main.c [print_log:44] WARN  ：我是测试字符串 小玲,第 3次打印，我是线程thread-E
[16-10-28 09:33:37] main.c [print_log:41] DEBUG ：我是测试字符串 灿灿,第 8次打印，我是线程thread-C
[16-10-28 09:33:37] main.c [print_log:41] DEBUG ：我是测试字符串 灿灿,第 6次打印，我是线程thread-G
[16-10-28 09:33:37] main.c [print_log:44] WARN  ：我是测试字符串 小玲,第 9次打印，我是线程thread-S
[16-10-28 09:33:37] main.c [print_log:40] ERROR ：我是测试字符串 张鹏,第 6次打印，我是线程thread-R
[16-10-28 09:33:37] main.c [print_log:42] INFO  ：我是测试字符串 何敏,第 2次打印，我是线程thread-D
[16-10-28 09:33:37] main.c [print_log:42] INFO  ：我是测试字符串 何敏,第 4次打印，我是线程thread-H
[16-10-28 09:33:37] main.c [print_log:44] WARN  ：我是测试字符串 小玲,第 7次打印，我是线程thread-A
[16-10-28 09:33:37] main.c [print_log:44] WARN  ：我是测试字符串 小玲,第 5次打印，我是线程thread-T
[16-10-28 09:33:37] main.c [print_log:40] ERROR ：我是测试字符串 张鹏,第 4次打印，我是线程thread-E
[16-10-28 09:33:37] main.c [print_log:42] INFO  ：我是测试字符串 何敏,第 8次打印，我是线程thread-C
[16-10-28 09:33:37] main.c [print_log:42] INFO  ：我是测试字符串 何敏,第 6次打印，我是线程thread-G
[16-10-28 09:33:37] main.c [print_log:43] FATAL ：我是测试字符串 小华,第 6次打印，我是线程thread-G
[16-10-28 09:33:37] main.c [print_log:43] FATAL ：我是测试字符串 小华,第 2次打印，我是线程thread-D
[16-10-28 09:33:37] main.c [print_log:43] FATAL ：我是测试字符串 小华,第 4次打印，我是线程thread-H
[16-10-28 09:33:37] main.c [print_log:40] ERROR ：我是测试字符串 张鹏,第 8次打印，我是线程thread-A
[16-10-28 09:33:37] main.c [print_log:40] ERROR ：我是测试字符串 张鹏,第 6次打印，我是线程thread-T
[16-10-28 09:33:37] main.c [print_log:41] DEBUG ：我是测试字符串 灿灿,第 4次打印，我是线程thread-E
[16-10-28 09:33:37] main.c [print_log:43] FATAL ：我是测试字符串 小华,第 8次打印，我是线程thread-C
[16-10-28 09:33:37] main.c [print_log:44] WARN  ：我是测试字符串 小玲,第 8次打印，我是线程thread-C
[16-10-28 09:33:37] main.c [print_log:44] WARN  ：我是测试字符串 小玲,第 6次打印，我是线程thread-G
[16-10-28 09:33:37] main.c [print_log:44] WARN  ：我是测试字符串 小玲,第 2次打印，我是线程thread-D
[16-10-28 09:33:37] main.c [print_log:44] WARN  ：我是测试字符串 小玲,第 4次打印，我是线程thread-H
[16-10-28 09:33:37] main.c [print_log:41] DEBUG ：我是测试字符串 灿灿,第 8次打印，我是线程thread-A
[16-10-28 09:33:37] main.c [print_log:41] DEBUG ：我是测试字符串 灿灿,第 6次打印，我是线程thread-T
[16-10-28 09:33:37] main.c [print_log:42] INFO  ：我是测试字符串 何敏,第 4次打印，我是线程thread-E
[16-10-28 09:33:37] main.c [print_log:43] FATAL ：我是测试字符串 小华,第 4次打印，我是线程thread-E
[16-10-28 09:33:37] main.c [print_log:44] WARN  ：我是测试字符串 小玲,第 4次打印，我是线程thread-E
[16-10-28 09:33:37] main.c [print_log:40] ERROR ：我是测试字符串 张鹏,第 5次打印，我是线程thread-E
[16-10-28 09:33:37] main.c [print_log:41] DEBUG ：我是测试字符串 灿灿,第 5次打印，我是线程thread-E
[16-10-28 09:33:37] main.c [print_log:42] INFO  ：我是测试字符串 何敏,第 5次打印，我是线程thread-E
[16-10-28 09:33:37] main.c [print_log:43] FATAL ：我是测试字符串 小华,第 5次打印，我是线程thread-E
[16-10-28 09:33:37] main.c [print_log:41] DEBUG ：我是测试字符串 灿灿,第 6次打印，我是线程thread-R
[16-10-28 09:33:37] main.c [print_log:40] ERROR ：我是测试字符串 张鹏,第 7次打印，我是线程thread-G
[16-10-28 09:33:37] main.c [print_log:40] ERROR ：我是测试字符串 张鹏,第 3次打印，我是线程thread-D
[16-10-28 09:33:37] main.c [print_log:40] ERROR ：我是测试字符串 张鹏,第 5次打印，我是线程thread-H
[16-10-28 09:33:37] main.c [print_log:42] INFO  ：我是测试字符串 何敏,第 8次打印，我是线程thread-A
[16-10-28 09:33:37] main.c [print_log:43] FATAL ：我是测试字符串 小华,第 8次打印，我是线程thread-A
[16-10-28 09:33:37] main.c [print_log:44] WARN  ：我是测试字符串 小玲,第 8次打印，我是线程thread-A
[16-10-28 09:33:37] main.c [print_log:40] ERROR ：我是测试字符串 张鹏,第 9次打印，我是线程thread-A
[16-10-28 09:33:37] main.c [print_log:41] DEBUG ：我是测试字符串 灿灿,第 9次打印，我是线程thread-A
[16-10-28 09:33:37] main.c [print_log:42] INFO  ：我是测试字符串 何敏,第 9次打印，我是线程thread-A
[16-10-28 09:33:37] main.c [print_log:43] FATAL ：我是测试字符串 小华,第 9次打印，我是线程thread-A
[16-10-28 09:33:37] main.c [print_log:44] WARN  ：我是测试字符串 小玲,第 9次打印，我是线程thread-A
[16-10-28 09:33:37] main.c [print_log:41] DEBUG ：我是测试字符串 灿灿,第 7次打印，我是线程thread-G
[16-10-28 09:33:37] main.c [print_log:42] INFO  ：我是测试字符串 何敏,第 7次打印，我是线程thread-G
[16-10-28 09:33:37] main.c [print_log:43] FATAL ：我是测试字符串 小华,第 7次打印，我是线程thread-G
[16-10-28 09:33:37] main.c [print_log:44] WARN  ：我是测试字符串 小玲,第 7次打印，我是线程thread-G
[16-10-28 09:33:37] main.c [print_log:40] ERROR ：我是测试字符串 张鹏,第 8次打印，我是线程thread-G
[16-10-28 09:33:37] main.c [print_log:41] DEBUG ：我是测试字符串 灿灿,第 8次打印，我是线程thread-G
[16-10-28 09:33:37] main.c [print_log:42] INFO  ：我是测试字符串 何敏,第 8次打印，我是线程thread-G
[16-10-28 09:33:37] main.c [print_log:43] FATAL ：我是测试字符串 小华,第 8次打印，我是线程thread-G
[16-10-28 09:33:37] main.c [print_log:44] WARN  ：我是测试字符串 小玲,第 8次打印，我是线程thread-G
[16-10-28 09:33:37] main.c [print_log:40] ERROR ：我是测试字符串 张鹏,第 9次打印，我是线程thread-G
[16-10-28 09:33:37] main.c [print_log:41] DEBUG ：我是测试字符串 灿灿,第 9次打印，我是线程thread-G
[16-10-28 09:33:37] main.c [print_log:42] INFO  ：我是测试字符串 何敏,第 9次打印，我是线程thread-G
[16-10-28 09:33:37] main.c [print_log:43] FATAL ：我是测试字符串 小华,第 9次打印，我是线程thread-G
[16-10-28 09:33:37] main.c [print_log:44] WARN  ：我是测试字符串 小玲,第 9次打印，我是线程thread-G
[16-10-28 09:33:37] main.c [print_log:41] DEBUG ：我是测试字符串 灿灿,第 3次打印，我是线程thread-D
[16-10-28 09:33:37] main.c [print_log:41] DEBUG ：我是测试字符串 灿灿,第 5次打印，我是线程thread-H
[16-10-28 09:33:37] main.c [print_log:42] INFO  ：我是测试字符串 何敏,第 5次打印，我是线程thread-H
[16-10-28 09:33:37] main.c [print_log:44] WARN  ：我是测试字符串 小玲,第 5次打印，我是线程thread-E
[16-10-28 09:33:37] main.c [print_log:40] ERROR ：我是测试字符串 张鹏,第 9次打印，我是线程thread-C
[16-10-28 09:33:37] main.c [print_log:42] INFO  ：我是测试字符串 何敏,第 6次打印，我是线程thread-R
[16-10-28 09:33:37] main.c [print_log:43] FATAL ：我是测试字符串 小华,第 6次打印，我是线程thread-R
[16-10-28 09:33:37] main.c [print_log:44] WARN  ：我是测试字符串 小玲,第 6次打印，我是线程thread-R
[16-10-28 09:33:37] main.c [print_log:40] ERROR ：我是测试字符串 张鹏,第 7次打印，我是线程thread-R
[16-10-28 09:33:37] main.c [print_log:41] DEBUG ：我是测试字符串 灿灿,第 7次打印，我是线程thread-R
[16-10-28 09:33:37] main.c [print_log:42] INFO  ：我是测试字符串 何敏,第 7次打印，我是线程thread-R
[16-10-28 09:33:37] main.c [print_log:43] FATAL ：我是测试字符串 小华,第 7次打印，我是线程thread-R
[16-10-28 09:33:37] main.c [print_log:44] WARN  ：我是测试字符串 小玲,第 7次打印，我是线程thread-R
[16-10-28 09:33:37] main.c [print_log:40] ERROR ：我是测试字符串 张鹏,第 8次打印，我是线程thread-R
[16-10-28 09:33:37] main.c [print_log:41] DEBUG ：我是测试字符串 灿灿,第 8次打印，我是线程thread-R
[16-10-28 09:33:37] main.c [print_log:42] INFO  ：我是测试字符串 何敏,第 8次打印，我是线程thread-R
[16-10-28 09:33:37] main.c [print_log:43] FATAL ：我是测试字符串 小华,第 8次打印，我是线程thread-R
[16-10-28 09:33:37] main.c [print_log:44] WARN  ：我是测试字符串 小玲,第 8次打印，我是线程thread-R
[16-10-28 09:33:37] main.c [print_log:40] ERROR ：我是测试字符串 张鹏,第 9次打印，我是线程thread-R
[16-10-28 09:33:37] main.c [print_log:41] DEBUG ：我是测试字符串 灿灿,第 9次打印，我是线程thread-R
[16-10-28 09:33:37] main.c [print_log:42] INFO  ：我是测试字符串 何敏,第 9次打印，我是线程thread-R
[16-10-28 09:33:37] main.c [print_log:43] FATAL ：我是测试字符串 小华,第 9次打印，我是线程thread-R
[16-10-28 09:33:37] main.c [print_log:44] WARN  ：我是测试字符串 小玲,第 9次打印，我是线程thread-R
[16-10-28 09:33:37] main.c [print_log:42] INFO  ：我是测试字符串 何敏,第 3次打印，我是线程thread-D
[16-10-28 09:33:37] main.c [print_log:42] INFO  ：我是测试字符串 何敏,第 6次打印，我是线程thread-T
[16-10-28 09:33:37] main.c [print_log:43] FATAL ：我是测试字符串 小华,第 6次打印，我是线程thread-T
[16-10-28 09:33:37] main.c [print_log:44] WARN  ：我是测试字符串 小玲,第 6次打印，我是线程thread-T
[16-10-28 09:33:37] main.c [print_log:40] ERROR ：我是测试字符串 张鹏,第 7次打印，我是线程thread-T
[16-10-28 09:33:37] main.c [print_log:41] DEBUG ：我是测试字符串 灿灿,第 7次打印，我是线程thread-T
[16-10-28 09:33:37] main.c [print_log:42] INFO  ：我是测试字符串 何敏,第 7次打印，我是线程thread-T
[16-10-28 09:33:37] main.c [print_log:43] FATAL ：我是测试字符串 小华,第 7次打印，我是线程thread-T
[16-10-28 09:33:37] main.c [print_log:44] WARN  ：我是测试字符串 小玲,第 7次打印，我是线程thread-T
[16-10-28 09:33:37] main.c [print_log:40] ERROR ：我是测试字符串 张鹏,第 8次打印，我是线程thread-T
[16-10-28 09:33:37] main.c [print_log:43] FATAL ：我是测试字符串 小华,第 5次打印，我是线程thread-H
[16-10-28 09:33:37] main.c [print_log:44] WARN  ：我是测试字符串 小玲,第 5次打印，我是线程thread-H
[16-10-28 09:33:37] main.c [print_log:40] ERROR ：我是测试字符串 张鹏,第 6次打印，我是线程thread-H
[16-10-28 09:33:37] main.c [print_log:41] DEBUG ：我是测试字符串 灿灿,第 6次打印，我是线程thread-H
[16-10-28 09:33:37] main.c [print_log:42] INFO  ：我是测试字符串 何敏,第 6次打印，我是线程thread-H
[16-10-28 09:33:37] main.c [print_log:40] ERROR ：我是测试字符串 张鹏,第 6次打印，我是线程thread-E
[16-10-28 09:33:37] main.c [print_log:41] DEBUG ：我是测试字符串 灿灿,第 9次打印，我是线程thread-C
[16-10-28 09:33:37] main.c [print_log:43] FATAL ：我是测试字符串 小华,第 3次打印，我是线程thread-D
[16-10-28 09:33:37] main.c [print_log:41] DEBUG ：我是测试字符串 灿灿,第 8次打印，我是线程thread-T
[16-10-28 09:33:37] main.c [print_log:44] WARN  ：我是测试字符串 小玲,第 3次打印，我是线程thread-D
[16-10-28 09:33:37] main.c [print_log:41] DEBUG ：我是测试字符串 灿灿,第 6次打印，我是线程thread-E
[16-10-28 09:33:37] main.c [print_log:42] INFO  ：我是测试字符串 何敏,第 9次打印，我是线程thread-C
[16-10-28 09:33:37] main.c [print_log:43] FATAL ：我是测试字符串 小华,第 9次打印，我是线程thread-C
[16-10-28 09:33:37] main.c [print_log:42] INFO  ：我是测试字符串 何敏,第 8次打印，我是线程thread-T
[16-10-28 09:33:37] main.c [print_log:43] FATAL ：我是测试字符串 小华,第 8次打印，我是线程thread-T
[16-10-28 09:33:37] main.c [print_log:44] WARN  ：我是测试字符串 小玲,第 8次打印，我是线程thread-T
[16-10-28 09:33:37] main.c [print_log:40] ERROR ：我是测试字符串 张鹏,第 9次打印，我是线程thread-T
[16-10-28 09:33:37] main.c [print_log:44] WARN  ：我是测试字符串 小玲,第 9次打印，我是线程thread-C
[16-10-28 09:33:37] main.c [print_log:40] ERROR ：我是测试字符串 张鹏,第 4次打印，我是线程thread-D
[16-10-28 09:33:37] main.c [print_log:42] INFO  ：我是测试字符串 何敏,第 6次打印，我是线程thread-E
[16-10-28 09:33:37] main.c [print_log:43] FATAL ：我是测试字符串 小华,第 6次打印，我是线程thread-H
[16-10-28 09:33:37] main.c [print_log:41] DEBUG ：我是测试字符串 灿灿,第 9次打印，我是线程thread-T
[16-10-28 09:33:37] main.c [print_log:42] INFO  ：我是测试字符串 何敏,第 9次打印，我是线程thread-T
[16-10-28 09:33:37] main.c [print_log:43] FATAL ：我是测试字符串 小华,第 9次打印，我是线程thread-T
[16-10-28 09:33:37] main.c [print_log:44] WARN  ：我是测试字符串 小玲,第 6次打印，我是线程thread-H
[16-10-28 09:33:37] main.c [print_log:40] ERROR ：我是测试字符串 张鹏,第 7次打印，我是线程thread-H
[16-10-28 09:33:37] main.c [print_log:41] DEBUG ：我是测试字符串 灿灿,第 7次打印，我是线程thread-H
[16-10-28 09:33:37] main.c [print_log:44] WARN  ：我是测试字符串 小玲,第 9次打印，我是线程thread-T
[16-10-28 09:33:37] main.c [print_log:41] DEBUG ：我是测试字符串 灿灿,第 4次打印，我是线程thread-D
[16-10-28 09:33:37] main.c [print_log:43] FATAL ：我是测试字符串 小华,第 6次打印，我是线程thread-E
[16-10-28 09:33:37] main.c [print_log:44] WARN  ：我是测试字符串 小玲,第 6次打印，我是线程thread-E
[16-10-28 09:33:37] main.c [print_log:42] INFO  ：我是测试字符串 何敏,第 4次打印，我是线程thread-D
[16-10-28 09:33:37] main.c [print_log:43] FATAL ：我是测试字符串 小华,第 4次打印，我是线程thread-D
[16-10-28 09:33:37] main.c [print_log:40] ERROR ：我是测试字符串 张鹏,第 7次打印，我是线程thread-E
[16-10-28 09:33:37] main.c [print_log:41] DEBUG ：我是测试字符串 灿灿,第 7次打印，我是线程thread-E
[16-10-28 09:33:37] main.c [print_log:44] WARN  ：我是测试字符串 小玲,第 4次打印，我是线程thread-D
[16-10-28 09:33:37] main.c [print_log:40] ERROR ：我是测试字符串 张鹏,第 5次打印，我是线程thread-D
[16-10-28 09:33:37] main.c [print_log:42] INFO  ：我是测试字符串 何敏,第 7次打印，我是线程thread-E
[16-10-28 09:33:37] main.c [print_log:43] FATAL ：我是测试字符串 小华,第 7次打印，我是线程thread-E
[16-10-28 09:33:37] main.c [print_log:41] DEBUG ：我是测试字符串 灿灿,第 5次打印，我是线程thread-D
[16-10-28 09:33:37] main.c [print_log:42] INFO  ：我是测试字符串 何敏,第 7次打印，我是线程thread-H
[16-10-28 09:33:37] main.c [print_log:43] FATAL ：我是测试字符串 小华,第 7次打印，我是线程thread-H
[16-10-28 09:33:37] main.c [print_log:44] WARN  ：我是测试字符串 小玲,第 7次打印，我是线程thread-H
[16-10-28 09:33:37] main.c [print_log:40] ERROR ：我是测试字符串 张鹏,第 8次打印，我是线程thread-H
[16-10-28 09:33:37] main.c [print_log:41] DEBUG ：我是测试字符串 灿灿,第 8次打印，我是线程thread-H
[16-10-28 09:33:37] main.c [print_log:42] INFO  ：我是测试字符串 何敏,第 8次打印，我是线程thread-H
[16-10-28 09:33:37] main.c [print_log:43] FATAL ：我是测试字符串 小华,第 8次打印，我是线程thread-H
[16-10-28 09:33:37] main.c [print_log:44] WARN  ：我是测试字符串 小玲,第 8次打印，我是线程thread-H
[16-10-28 09:33:37] main.c [print_log:40] ERROR ：我是测试字符串 张鹏,第 9次打印，我是线程thread-H
[16-10-28 09:33:37] main.c [print_log:41] DEBUG ：我是测试字符串 灿灿,第 9次打印，我是线程thread-H
[16-10-28 09:33:37] main.c [print_log:42] INFO  ：我是测试字符串 何敏,第 9次打印，我是线程thread-H
[16-10-28 09:33:37] main.c [print_log:43] FATAL ：我是测试字符串 小华,第 9次打印，我是线程thread-H
[16-10-28 09:33:37] main.c [print_log:44] WARN  ：我是测试字符串 小玲,第 9次打印，我是线程thread-H
[16-10-28 09:33:37] main.c [print_log:44] WARN  ：我是测试字符串 小玲,第 7次打印，我是线程thread-E
[16-10-28 09:33:37] main.c [print_log:42] INFO  ：我是测试字符串 何敏,第 5次打印，我是线程thread-D
[16-10-28 09:33:37] main.c [print_log:40] ERROR ：我是测试字符串 张鹏,第 8次打印，我是线程thread-E
[16-10-28 09:33:37] main.c [print_log:43] FATAL ：我是测试字符串 小华,第 5次打印，我是线程thread-D
[16-10-28 09:33:37] main.c [print_log:41] DEBUG ：我是测试字符串 灿灿,第 8次打印，我是线程thread-E
[16-10-28 09:33:37] main.c [print_log:44] WARN  ：我是测试字符串 小玲,第 5次打印，我是线程thread-D
[16-10-28 09:33:37] main.c [print_log:42] INFO  ：我是测试字符串 何敏,第 8次打印，我是线程thread-E
[16-10-28 09:33:37] main.c [print_log:40] ERROR ：我是测试字符串 张鹏,第 6次打印，我是线程thread-D
[16-10-28 09:33:37] main.c [print_log:43] FATAL ：我是测试字符串 小华,第 8次打印，我是线程thread-E
[16-10-28 09:33:37] main.c [print_log:41] DEBUG ：我是测试字符串 灿灿,第 6次打印，我是线程thread-D
[16-10-28 09:33:37] main.c [print_log:44] WARN  ：我是测试字符串 小玲,第 8次打印，我是线程thread-E
[16-10-28 09:33:37] main.c [print_log:42] INFO  ：我是测试字符串 何敏,第 6次打印，我是线程thread-D
[16-10-28 09:33:37] main.c [print_log:40] ERROR ：我是测试字符串 张鹏,第 9次打印，我是线程thread-E
[16-10-28 09:33:37] main.c [print_log:43] FATAL ：我是测试字符串 小华,第 6次打印，我是线程thread-D
[16-10-28 09:33:37] main.c [print_log:41] DEBUG ：我是测试字符串 灿灿,第 9次打印，我是线程thread-E
[16-10-28 09:33:37] main.c [print_log:44] WARN  ：我是测试字符串 小玲,第 6次打印，我是线程thread-D
[16-10-28 09:33:37] main.c [print_log:42] INFO  ：我是测试字符串 何敏,第 9次打印，我是线程thread-E
[16-10-28 09:33:37] main.c [print_log:40] ERROR ：我是测试字符串 张鹏,第 7次打印，我是线程thread-D
[16-10-28 09:33:37] main.c [print_log:43] FATAL ：我是测试字符串 小华,第 9次打印，我是线程thread-E
[16-10-28 09:33:37] main.c [print_log:41] DEBUG ：我是测试字符串 灿灿,第 7次打印，我是线程thread-D
[16-10-28 09:33:37] main.c [print_log:44] WARN  ：我是测试字符串 小玲,第 9次打印，我是线程thread-E
[16-10-28 09:33:37] main.c [print_log:42] INFO  ：我是测试字符串 何敏,第 7次打印，我是线程thread-D
[16-10-28 09:33:37] main.c [print_log:43] FATAL ：我是测试字符串 小华,第 7次打印，我是线程thread-D
[16-10-28 09:33:37] main.c [print_log:44] WARN  ：我是测试字符串 小玲,第 7次打印，我是线程thread-D
[16-10-28 09:33:37] main.c [print_log:40] ERROR ：我是测试字符串 张鹏,第 8次打印，我是线程thread-D
[16-10-28 09:33:37] main.c [print_log:41] DEBUG ：我是测试字符串 灿灿,第 8次打印，我是线程thread-D
[16-10-28 09:33:37] main.c [print_log:42] INFO  ：我是测试字符串 何敏,第 8次打印，我是线程thread-D
[16-10-28 09:33:37] main.c [print_log:43] FATAL ：我是测试字符串 小华,第 8次打印，我是线程thread-D
[16-10-28 09:33:37] main.c [print_log:44] WARN  ：我是测试字符串 小玲,第 8次打印，我是线程thread-D
[16-10-28 09:33:37] main.c [print_log:40] ERROR ：我是测试字符串 张鹏,第 9次打印，我是线程thread-D
[16-10-28 09:33:37] main.c [print_log:41] DEBUG ：我是测试字符串 灿灿,第 9次打印，我是线程thread-D
[16-10-28 09:33:37] main.c [print_log:42] INFO  ：我是测试字符串 何敏,第 9次打印，我是线程thread-D
[16-10-28 09:33:37] main.c [print_log:43] FATAL ：我是测试字符串 小华,第 9次打印，我是线程thread-D
[16-10-28 09:33:37] main.c [print_log:44] WARN  ：我是测试字符串 小玲,第 9次打印，我是线程thread-D
